5148  [00007ff14a0d98f4] pselect6(1, [0], NULL, NULL, NULL, {sigmask=[], sigsetsize=8}) = 1 (in [0]) <2.905167>
5148  [00007ff14a0d2992] read(0, ".", 1) = 1 <0.000010>
5148  [00007ff14a0d974d] pselect6(1, [0], NULL, [0], {tv_sec=0, tv_nsec=0}, NULL) = 0 (Timeout) <0.000009>
5148  [00007ff14a0d2a37] write(2, ".", 1) = 1 <0.000014>
5148  [00007ff14a0d98f4] pselect6(1, [0], NULL, NULL, NULL, {sigmask=[], sigsetsize=8}) = 1 (in [0]) <0.104884>
5148  [00007ff14a0d2992] read(0, "/", 1) = 1 <0.000011>
5148  [00007ff14a0d974d] pselect6(1, [0], NULL, [0], {tv_sec=0, tv_nsec=0}, NULL) = 0 (Timeout) <0.000009>
5148  [00007ff14a0d2a37] write(2, "/", 1) = 1 <0.000022>
5148  [00007ff14a0d98f4] pselect6(1, [0], NULL, NULL, NULL, {sigmask=[], sigsetsize=8}) = 1 (in [0]) <0.378652>
5148  [00007ff14a0d2992] read(0, "h", 1) = 1 <0.000012>
5148  [00007ff14a0d974d] pselect6(1, [0], NULL, [0], {tv_sec=0, tv_nsec=0}, NULL) = 0 (Timeout) <0.000009>
5148  [00007ff14a0d2a37] write(2, "h", 1) = 1 <0.000014>
5148  [00007ff14a0d98f4] pselect6(1, [0], NULL, NULL, NULL, {sigmask=[], sigsetsize=8}) = 1 (in [0]) <0.221553>
5148  [00007ff14a0d2992] read(0, "e", 1) = 1 <0.000009>
5148  [00007ff14a0d974d] pselect6(1, [0], NULL, [0], {tv_sec=0, tv_nsec=0}, NULL) = 0 (Timeout) <0.000009>
5148  [00007ff14a0d2a37] write(2, "e", 1) = 1 <0.000013>
5148  [00007ff14a0d98f4] pselect6(1, [0], NULL, NULL, NULL, {sigmask=[], sigsetsize=8}) = 1 (in [0]) <0.270224>
5148  [00007ff14a0d2992] read(0, "l", 1) = 1 <0.000010>
5148  [00007ff14a0d974d] pselect6(1, [0], NULL, [0], {tv_sec=0, tv_nsec=0}, NULL) = 0 (Timeout) <0.000009>
5148  [00007ff14a0d2a37] write(2, "l", 1) = 1 <0.000028>
5148  [00007ff14a0d98f4] pselect6(1, [0], NULL, NULL, NULL, {sigmask=[], sigsetsize=8}) = 1 (in [0]) <0.132874>
5148  [00007ff14a0d2992] read(0, "l", 1) = 1 <0.000010>
5148  [00007ff14a0d974d] pselect6(1, [0], NULL, [0], {tv_sec=0, tv_nsec=0}, NULL) = 0 (Timeout) <0.000008>
5148  [00007ff14a0d2a37] write(2, "l", 1) = 1 <0.000025>
5148  [00007ff14a0d98f4] pselect6(1, [0], NULL, NULL, NULL, {sigmask=[], sigsetsize=8}) = 1 (in [0]) <0.210335>
5148  [00007ff14a0d2992] read(0, "o", 1) = 1 <0.000010>
5148  [00007ff14a0d974d] pselect6(1, [0], NULL, [0], {tv_sec=0, tv_nsec=0}, NULL) = 0 (Timeout) <0.000009>
5148  [00007ff14a0d2a37] write(2, "o", 1) = 1 <0.000027>
5148  [00007ff14a0d98f4] pselect6(1, [0], NULL, NULL, NULL, {sigmask=[], sigsetsize=8}) = 1 (in [0]) <0.591669>
5148  [00007ff14a0d2992] read(0, "w", 1) = 1 <0.000012>
5148  [00007ff14a0d974d] pselect6(1, [0], NULL, [0], {tv_sec=0, tv_nsec=0}, NULL) = 0 (Timeout) <0.000011>
5148  [00007ff14a0d2a37] write(2, "w", 1) = 1 <0.000027>
5148  [00007ff14a0d98f4] pselect6(1, [0], NULL, NULL, NULL, {sigmask=[], sigsetsize=8}) = 1 (in [0]) <0.136534>
5148  [00007ff14a0d2992] read(0, "o", 1) = 1 <0.000011>
5148  [00007ff14a0d974d] pselect6(1, [0], NULL, [0], {tv_sec=0, tv_nsec=0}, NULL) = 0 (Timeout) <0.000009>
5148  [00007ff14a0d2a37] write(2, "o", 1) = 1 <0.000026>
5148  [00007ff14a0d98f4] pselect6(1, [0], NULL, NULL, NULL, {sigmask=[], sigsetsize=8}) = 1 (in [0]) <0.202968>
5148  [00007ff14a0d2992] read(0, "r", 1) = 1 <0.000011>
5148  [00007ff14a0d974d] pselect6(1, [0], NULL, [0], {tv_sec=0, tv_nsec=0}, NULL) = 0 (Timeout) <0.000009>
5148  [00007ff14a0d2a37] write(2, "r", 1) = 1 <0.000023>
5148  [00007ff14a0d98f4] pselect6(1, [0], NULL, NULL, NULL, {sigmask=[], sigsetsize=8}) = 1 (in [0]) <0.226949>
5148  [00007ff14a0d2992] read(0, "l", 1) = 1 <0.000010>
5148  [00007ff14a0d974d] pselect6(1, [0], NULL, [0], {tv_sec=0, tv_nsec=0}, NULL) = 0 (Timeout) <0.000010>
5148  [00007ff14a0d2a37] write(2, "l", 1) = 1 <0.000022>
5148  [00007ff14a0d98f4] pselect6(1, [0], NULL, NULL, NULL, {sigmask=[], sigsetsize=8}) = 1 (in [0]) <0.150105>
5148  [00007ff14a0d2992] read(0, "d", 1) = 1 <0.000010>
5148  [00007ff14a0d974d] pselect6(1, [0], NULL, [0], {tv_sec=0, tv_nsec=0}, NULL) = 0 (Timeout) <0.000017>
5148  [00007ff14a0d2a37] write(2, "d", 1) = 1 <0.000027>
5148  [00007ff14a0d98f4] pselect6(1, [0], NULL, NULL, NULL, {sigmask=[], sigsetsize=8}) = 1 (in [0]) <0.662482>
5148  [00007ff14a0d2992] read(0, "\r", 1) = 1 <0.000009>
5148  [00007ff14a0d2a37] write(2, "\n", 1) = 1 <0.000028>
5148  [00007ff14a0d2a37] write(2, "\33[?2004l\r", 9) = 9 <0.000025>
5148  [00007ff14a0d7f11] ioctl(0, TCGETS, {B38400 opost isig -icanon -echo ...}) = 0 <0.000007>
5148  [00007ff14a0d7f95] ioctl(0, SNDCTL_TMR_STOP or TCSETSW, {B38400 opost isig icanon echo ...}) = 0 <0.000007>
5148  [00007ff14a0d7fbd] ioctl(0, TCGETS, {B38400 opost isig icanon echo ...}) = 0 <0.000006>
5148  [00007ff14a0005f3] rt_sigaction(SIGINT, {sa_handler=0x564eec065030, sa_mask=[], sa_flags=SA_RESTORER, sa_restorer=0x7ff14a000520}, {sa_handler=0x564eec0c69c0, sa_mask=[], sa_flags=SA_RESTORER, sa_restorer=0x7ff14a000520}, 8) = 0 <0.000006>
5148  [00007ff14a0005f3] rt_sigaction(SIGHUP, {sa_handler=0x564eec065410, sa_mask=[HUP INT ILL TRAP ABRT BUS FPE USR1 SEGV USR2 PIPE ALRM TERM XCPU XFSZ VTALRM SYS], sa_flags=SA_RESTORER, sa_restorer=0x7ff14a000520}, {sa_handler=0x564eec0c69c0, sa_mask=[], sa_flags=SA_RESTORER, sa_restorer=0x7ff14a000520}, 8) = 0 <0.000006>
5148  [00007ff14a0005f3] rt_sigaction(SIGALRM, {sa_handler=0x564eec065410, sa_mask=[HUP INT ILL TRAP ABRT BUS FPE USR1 SEGV USR2 PIPE ALRM TERM XCPU XFSZ VTALRM SYS], sa_flags=SA_RESTORER, sa_restorer=0x7ff14a000520}, {sa_handler=0x564eec0c69c0, sa_mask=[], sa_flags=SA_RESTORER, sa_restorer=0x7ff14a000520}, 8) = 0 <0.000006>
5148  [00007ff14a0005f3] rt_sigaction(SIGWINCH, {sa_handler=0x564eec0631e0, sa_mask=[], sa_flags=SA_RESTORER|SA_RESTART, sa_restorer=0x7ff14a000520}, {sa_handler=0x564eec0c69d0, sa_mask=[], sa_flags=SA_RESTORER|SA_RESTART, sa_restorer=0x7ff14a000520}, 8) = 0 <0.000006>
5148  [00007ff14a0005f3] rt_sigaction(SIGINT, {sa_handler=0x564eec065030, sa_mask=[], sa_flags=SA_RESTORER, sa_restorer=0x7ff14a000520}, {sa_handler=0x564eec065030, sa_mask=[], sa_flags=SA_RESTORER, sa_restorer=0x7ff14a000520}, 8) = 0 <0.000006>
5148  [00007ff14a059c9b] rt_sigprocmask(SIG_BLOCK, NULL, [], 8) = 0 <0.000005>
5148  [00007ff14a059c9b] rt_sigprocmask(SIG_BLOCK, [INT TERM CHLD], [], 8) = 0 <0.000006>
5148  [00007ff14a0005f3] rt_sigaction(SIGTERM, {sa_handler=SIG_DFL, sa_mask=[], sa_flags=SA_RESTORER, sa_restorer=0x7ff14a000520}, {sa_handler=SIG_IGN, sa_mask=[], sa_flags=SA_RESTORER, sa_restorer=0x7ff14a000520}, 8) = 0 <0.000006>
5148  [00007ff14a0d322d] pipe2([3, 4], 0) = 0 <0.000016>
5148  [00007ff14a0a8bc7] clone(child_stack=NULL, flags=CLONE_CHILD_CLEARTID|CLONE_CHILD_SETTID|SIGCHLD, child_tidptr=0x7ff149fbba10) = 5333 <0.000117>
5148  [00007ff14a0005f3] rt_sigaction(SIGTERM, {sa_handler=SIG_IGN, sa_mask=[], sa_flags=SA_RESTORER, sa_restorer=0x7ff14a000520},  <unfinished ...>
5333  [00007ff14a0a8c02] set_robust_list(0x7ff149fbba20, 24 <unfinished ...>
5148  [00007ff14a0005f3] <... rt_sigaction resumed>{sa_handler=SIG_DFL, sa_mask=[], sa_flags=SA_RESTORER, sa_restorer=0x7ff14a000520}, 8) = 0 <0.000107>
5333  [00007ff14a0a8c02] <... set_robust_list resumed>) = 0 <0.000106>
5148  [00007ff14a0aa37b] setpgid(5333, 5333 <unfinished ...>
5333  [00007ff14a0aa0bb] getpid( <unfinished ...>
5148  [00007ff14a0aa37b] <... setpgid resumed>) = 0 <0.000097>
5333  [00007ff14a0aa0bb] <... getpid resumed>) = 5333 <0.000097>
5148  [00007ff14a059c9b] rt_sigprocmask(SIG_SETMASK, [], NULL, 8) = 0 <0.000006>
5333  [00007ff14a059c9b] rt_sigprocmask(SIG_SETMASK, [],  <unfinished ...>
5148  [00007ff14a059c9b] rt_sigprocmask(SIG_BLOCK, [CHLD],  <unfinished ...>
5333  [00007ff14a059c9b] <... rt_sigprocmask resumed>NULL, 8) = 0 <0.000169>
5148  [00007ff14a059c9b] <... rt_sigprocmask resumed>[], 8) = 0 <0.000206>
5333  [00007ff14a0005f3] rt_sigaction(SIGTSTP, {sa_handler=SIG_DFL, sa_mask=[], sa_flags=SA_RESTORER, sa_restorer=0x7ff14a000520},  <unfinished ...>
5148  [00007ff14a0d3117] close(3 <unfinished ...>
5333  [00007ff14a0005f3] <... rt_sigaction resumed>{sa_handler=SIG_IGN, sa_mask=[], sa_flags=SA_RESTORER, sa_restorer=0x7ff14a000520}, 8) = 0 <0.000089>
5148  [00007ff14a0d3117] <... close resumed>) = 0 <0.000101>
5333  [00007ff14a0005f3] rt_sigaction(SIGTTIN, {sa_handler=SIG_DFL, sa_mask=[], sa_flags=SA_RESTORER, sa_restorer=0x7ff14a000520},  <unfinished ...>
5148  [00007ff14a0d3117] close(4 <unfinished ...>
5333  [00007ff14a0005f3] <... rt_sigaction resumed>{sa_handler=SIG_IGN, sa_mask=[], sa_flags=SA_RESTORER, sa_restorer=0x7ff14a000520}, 8) = 0 <0.000095>
5148  [00007ff14a0d3117] <... close resumed>) = 0 <0.000097>
5333  [00007ff14a0005f3] rt_sigaction(SIGTTOU, {sa_handler=SIG_DFL, sa_mask=[], sa_flags=SA_RESTORER, sa_restorer=0x7ff14a000520},  <unfinished ...>
5148  [00007ff14a0d8aff] ioctl(255, TIOCGPGRP <unfinished ...>
5333  [00007ff14a0005f3] <... rt_sigaction resumed>{sa_handler=SIG_IGN, sa_mask=[], sa_flags=SA_RESTORER, sa_restorer=0x7ff14a000520}, 8) = 0 <0.000110>
5148  [00007ff14a0d8aff] <... ioctl resumed>, [5148]) = 0 <0.000101>
5333  [00007ff14a0aa37b] setpgid(5333, 5333 <unfinished ...>
5148  [00007ff14a059c9b] rt_sigprocmask(SIG_BLOCK, [CHLD TSTP TTIN TTOU],  <unfinished ...>
5333  [00007ff14a0aa37b] <... setpgid resumed>) = 0 <0.000104>
5148  [00007ff14a059c9b] <... rt_sigprocmask resumed>[CHLD], 8) = 0 <0.000094>
5333  [00007ff14a059c9b] rt_sigprocmask(SIG_BLOCK, [CHLD TSTP TTIN TTOU],  <unfinished ...>
5148  [00007ff14a0d8aff] ioctl(255, TIOCSPGRP, [5333] <unfinished ...>
5333  [00007ff14a059c9b] <... rt_sigprocmask resumed>[], 8) = 0 <0.000107>
5148  [00007ff14a0d8aff] <... ioctl resumed>) = 0 <0.000095>
5333  [00007ff14a0d8aff] ioctl(255, TIOCSPGRP, [5333] <unfinished ...>
5148  [00007ff14a059c9b] rt_sigprocmask(SIG_SETMASK, [CHLD],  <unfinished ...>
5333  [00007ff14a0d8aff] <... ioctl resumed>) = 0 <0.000092>
5148  [00007ff14a059c9b] <... rt_sigprocmask resumed>NULL, 8) = 0 <0.000088>
5333  [00007ff14a059c9b] rt_sigprocmask(SIG_SETMASK, [],  <unfinished ...>
5148  [00007ff14a059c9b] rt_sigprocmask(SIG_SETMASK, [],  <unfinished ...>
5333  [00007ff14a059c9b] <... rt_sigprocmask resumed>NULL, 8) = 0 <0.000093>
5148  [00007ff14a059c9b] <... rt_sigprocmask resumed>NULL, 8) = 0 <0.000089>
5333  [00007ff14a0d3117] close(4 <unfinished ...>
5148  [00007ff14a059c9b] rt_sigprocmask(SIG_BLOCK, [CHLD],  <unfinished ...>
5333  [00007ff14a0d3117] <... close resumed>) = 0 <0.000125>
5148  [00007ff14a059c9b] <... rt_sigprocmask resumed>[], 8) = 0 <0.000092>
5333  [00007ff14a0d2992] read(3,  <unfinished ...>
5148  [00007ff14a0a845a] wait4(-1,  <unfinished ...>
5333  [00007ff14a0d2992] <... read resumed>"", 1) = 0 <0.000087>
5333  [00007ff14a0d3117] close(3)       = 0 <0.000108>
5333  [00007ff14a0005f3] rt_sigaction(SIGHUP, {sa_handler=SIG_DFL, sa_mask=[], sa_flags=SA_RESTORER, sa_restorer=0x7ff14a000520}, NULL, 8) = 0 <0.000144>
5333  [00007ff14a0005f3] rt_sigaction(SIGILL, {sa_handler=SIG_DFL, sa_mask=[], sa_flags=SA_RESTORER, sa_restorer=0x7ff14a000520}, NULL, 8) = 0 <0.000091>
5333  [00007ff14a0005f3] rt_sigaction(SIGTRAP, {sa_handler=SIG_DFL, sa_mask=[], sa_flags=SA_RESTORER, sa_restorer=0x7ff14a000520}, NULL, 8) = 0 <0.000076>
5333  [00007ff14a0005f3] rt_sigaction(SIGABRT, {sa_handler=SIG_DFL, sa_mask=[], sa_flags=SA_RESTORER, sa_restorer=0x7ff14a000520}, NULL, 8) = 0 <0.000107>
5333  [00007ff14a0005f3] rt_sigaction(SIGFPE, {sa_handler=SIG_DFL, sa_mask=[], sa_flags=SA_RESTORER, sa_restorer=0x7ff14a000520}, NULL, 8) = 0 <0.000083>
5333  [00007ff14a0005f3] rt_sigaction(SIGBUS, {sa_handler=SIG_DFL, sa_mask=[], sa_flags=SA_RESTORER, sa_restorer=0x7ff14a000520}, NULL, 8) = 0 <0.000111>
5333  [00007ff14a0005f3] rt_sigaction(SIGSEGV, {sa_handler=SIG_DFL, sa_mask=[], sa_flags=SA_RESTORER, sa_restorer=0x7ff14a000520}, NULL, 8) = 0 <0.001173>
5333  [00007ff14a0005f3] rt_sigaction(SIGSYS, {sa_handler=SIG_DFL, sa_mask=[], sa_flags=SA_RESTORER, sa_restorer=0x7ff14a000520}, NULL, 8) = 0 <0.000092>
5333  [00007ff14a0005f3] rt_sigaction(SIGPIPE, {sa_handler=SIG_DFL, sa_mask=[], sa_flags=SA_RESTORER, sa_restorer=0x7ff14a000520}, NULL, 8) = 0 <0.000109>
5333  [00007ff14a0005f3] rt_sigaction(SIGALRM, {sa_handler=SIG_DFL, sa_mask=[], sa_flags=SA_RESTORER, sa_restorer=0x7ff14a000520}, NULL, 8) = 0 <0.000078>
5333  [00007ff14a0005f3] rt_sigaction(SIGXCPU, {sa_handler=SIG_DFL, sa_mask=[], sa_flags=SA_RESTORER, sa_restorer=0x7ff14a000520}, NULL, 8) = 0 <0.000091>
5333  [00007ff14a0005f3] rt_sigaction(SIGXFSZ, {sa_handler=SIG_DFL, sa_mask=[], sa_flags=SA_RESTORER, sa_restorer=0x7ff14a000520}, NULL, 8) = 0 <0.000088>
5333  [00007ff14a0005f3] rt_sigaction(SIGVTALRM, {sa_handler=SIG_DFL, sa_mask=[], sa_flags=SA_RESTORER, sa_restorer=0x7ff14a000520}, NULL, 8) = 0 <0.000077>
5333  [00007ff14a0005f3] rt_sigaction(SIGUSR1, {sa_handler=SIG_DFL, sa_mask=[], sa_flags=SA_RESTORER, sa_restorer=0x7ff14a000520}, NULL, 8) = 0 <0.000066>
5333  [00007ff14a0005f3] rt_sigaction(SIGUSR2, {sa_handler=SIG_DFL, sa_mask=[], sa_flags=SA_RESTORER, sa_restorer=0x7ff14a000520}, NULL, 8) = 0 <0.000076>
5333  [00007ff14a0005f3] rt_sigaction(SIGINT, {sa_handler=SIG_DFL, sa_mask=[], sa_flags=SA_RESTORER, sa_restorer=0x7ff14a000520}, {sa_handler=0x564eec065030, sa_mask=[], sa_flags=SA_RESTORER, sa_restorer=0x7ff14a000520}, 8) = 0 <0.000066>
5333  [00007ff14a0005f3] rt_sigaction(SIGQUIT, {sa_handler=SIG_DFL, sa_mask=[], sa_flags=SA_RESTORER, sa_restorer=0x7ff14a000520}, {sa_handler=SIG_IGN, sa_mask=[], sa_flags=SA_RESTORER, sa_restorer=0x7ff14a000520}, 8) = 0 <0.000043>
5333  [00007ff14a0005f3] rt_sigaction(SIGTERM, {sa_handler=SIG_DFL, sa_mask=[], sa_flags=SA_RESTORER, sa_restorer=0x7ff14a000520}, {sa_handler=SIG_DFL, sa_mask=[], sa_flags=SA_RESTORER, sa_restorer=0x7ff14a000520}, 8) = 0 <0.000034>
5333  [00007ff14a0005f3] rt_sigaction(SIGCHLD, {sa_handler=SIG_DFL, sa_mask=[], sa_flags=SA_RESTORER|SA_RESTART, sa_restorer=0x7ff14a000520}, {sa_handler=0x564eec038d10, sa_mask=[], sa_flags=SA_RESTORER|SA_RESTART, sa_restorer=0x7ff14a000520}, 8) = 0 <0.000069>
5333  [00007ff14a0a90fb] execve("./helloworld", ["./helloworld"], 0x564eeda28ec0 /* 55 vars */) = 0 <0.001275>
5333  [00007f06cfe3baab] brk(NULL)      = 0x5593d9b44000 <0.000078>
5333  [00007f06cfe2fcf7] arch_prctl(0x3001 /* ARCH_??? */, 0x7fff9acdc660) = -1 EINVAL (Invalid argument) <0.000067>
5333  [00007f06cfe3ccd7] mmap(NULL, 8192, PROT_READ|PROT_WRITE, MAP_PRIVATE|MAP_ANONYMOUS, -1, 0) = 0x7f06cfe14000 <0.000082>
5333  [00007f06cfe3c9cb] access("/etc/ld.so.preload", R_OK) = -1 ENOENT (No such file or directory) <0.000078>
5333  [00007f06cfe3cb38] openat(AT_FDCWD, "/etc/ld.so.cache", O_RDONLY|O_CLOEXEC) = 3 <0.000082>
5333  [00007f06cfe3c8fe] newfstatat(3, "", {st_mode=S_IFREG|0644, st_size=58527, ...}, AT_EMPTY_PATH) = 0 <0.000085>
5333  [00007f06cfe3ccd7] mmap(NULL, 58527, PROT_READ, MAP_PRIVATE, 3, 0) = 0x7f06cfe05000 <0.000075>
5333  [00007f06cfe3c9fb] close(3)       = 0 <0.000079>
5333  [00007f06cfe3cb38] openat(AT_FDCWD, "/lib/x86_64-linux-gnu/libc.so.6", O_RDONLY|O_CLOEXEC) = 3 <0.000078>
5333  [00007f06cfe3cb88] read(3, "\177ELF\2\1\1\3\0\0\0\0\0\0\0\0\3\0>\0\1\0\0\0P\237\2\0\0\0\0\0@\0\0\0\0\0\0\0\360\300!\0\0\0\0\0\0\0\0\0@\08\0\16\0@\0B\0A\0\6\0\0\0\4\0\0\0@\0\0\0\0\0\0\0@\0\0\0\0\0\0\0@\0\0\0\0\0\0\0\20\3\0\0\0\0\0\0\20\3\0\0\0\0\0\0\10\0\0\0\0\0\0\0\3\0\0\0\4\0\0\0000>\36\0\0\0\0\0000>\36\0\0\0\0\0000>\36\0\0\0\0\0\34\0\0\0\0\0\0\0\34\0\0\0\0\0\0\0\20\0\0\0\0\0\0\0\1\0\0\0\4\0\0\0\0\0\0\0\0\0\0\0\0\0\0\0\0\0\0\0\0\0\0\0\0\0\0\0\340\177\2\0\0\0\0\0\340\177\2\0\0\0\0\0\0\20\0\0\0\0\0\0\1\0\0\0\5\0\0\0\0\200\2\0\0\0\0\0\0\200\2\0\0\0\0\0\0\200\2\0\0\0\0\0\301D\31\0\0\0\0\0\301D\31\0\0\0\0\0\0\20\0\0\0\0\0\0\1\0\0\0\4\0\0\0\0\320\33\0\0\0\0\0\0\320\33\0\0\0\0\0\0\320\33\0\0\0\0\0\314x\5\0\0\0\0\0\314x\5\0\0\0\0\0\0\20\0\0\0\0\0\0\1\0\0\0\6\0\0\0\360H!\0\0\0\0\0\360X!\0\0\0\0\0\360X!\0\0\0\0\0\230O\0\0\0\0\0\0`%\1\0\0\0\0\0\0\20\0\0\0\0\0\0\2\0\0\0\6\0\0\0\300{!\0\0\0\0\0\300\213!\0\0\0\0\0\300\213!\0\0\0\0\0\320\1\0\0\0\0\0\0\320\1\0\0\0\0\0\0\10\0\0\0\0\0\0\0\4\0\0\0\4\0\0\0P\3\0\0\0\0\0\0P\3\0\0\0\0\0\0P\3\0\0\0\0\0\0000\0\0\0\0\0\0\0000\0\0\0\0\0\0\0\10\0\0\0\0\0\0\0\4\0\0\0\4\0\0\0\200\3\0\0\0\0\0\0\200\3\0\0\0\0\0\0\200\3\0\0\0\0\0\0D\0\0\0\0\0\0\0D\0\0\0\0\0\0\0\4\0\0\0\0\0\0\0\7\0\0\0\4\0\0\0\360H!\0\0\0\0\0\360X!\0\0\0\0\0\360X!\0\0\0\0\0\20\0\0\0\0\0\0\0\220\0\0\0\0\0\0\0\10\0\0\0\0\0\0\0S\345td\4\0\0\0P\3\0\0\0\0\0\0P\3\0\0\0\0\0\0P\3\0\0\0\0\0\0000\0\0\0\0\0\0\0000\0\0\0\0\0\0\0\10\0\0\0\0\0\0\0P\345td\4\0\0\0L>\36\0\0\0\0\0L>\36\0\0\0\0\0L>\36\0\0\0\0\0\314p\0\0\0\0\0\0\314p\0\0\0\0\0\0\4\0\0\0\0\0\0\0Q\345td\6\0\0\0\0\0\0\0\0\0\0\0\0\0\0\0\0\0\0\0\0\0\0\0\0\0\0\0\0\0\0\0\0\0\0\0\0\0\0\0\0\0\0\0\20\0\0\0\0\0\0\0R\345td\4\0\0\0\360H!\0\0\0\0\0\360X!\0\0\0\0\0\360X!\0\0\0\0\0\0207\0\0\0\0\0\0", 832) = 832 <0.000078>
5333  [00007f06cfe3cbbe] pread64(3, "\6\0\0\0\4\0\0\0@\0\0\0\0\0\0\0@\0\0\0\0\0\0\0@\0\0\0\0\0\0\0\20\3\0\0\0\0\0\0\20\3\0\0\0\0\0\0\10\0\0\0\0\0\0\0\3\0\0\0\4\0\0\0000>\36\0\0\0\0\0000>\36\0\0\0\0\0000>\36\0\0\0\0\0\34\0\0\0\0\0\0\0\34\0\0\0\0\0\0\0\20\0\0\0\0\0\0\0\1\0\0\0\4\0\0\0\0\0\0\0\0\0\0\0\0\0\0\0\0\0\0\0\0\0\0\0\0\0\0\0\340\177\2\0\0\0\0\0\340\177\2\0\0\0\0\0\0\20\0\0\0\0\0\0\1\0\0\0\5\0\0\0\0\200\2\0\0\0\0\0\0\200\2\0\0\0\0\0\0\200\2\0\0\0\0\0\301D\31\0\0\0\0\0\301D\31\0\0\0\0\0\0\20\0\0\0\0\0\0\1\0\0\0\4\0\0\0\0\320\33\0\0\0\0\0\0\320\33\0\0\0\0\0\0\320\33\0\0\0\0\0\314x\5\0\0\0\0\0\314x\5\0\0\0\0\0\0\20\0\0\0\0\0\0\1\0\0\0\6\0\0\0\360H!\0\0\0\0\0\360X!\0\0\0\0\0\360X!\0\0\0\0\0\230O\0\0\0\0\0\0`%\1\0\0\0\0\0\0\20\0\0\0\0\0\0\2\0\0\0\6\0\0\0\300{!\0\0\0\0\0\300\213!\0\0\0\0\0\300\213!\0\0\0\0\0\320\1\0\0\0\0\0\0\320\1\0\0\0\0\0\0\10\0\0\0\0\0\0\0\4\0\0\0\4\0\0\0P\3\0\0\0\0\0\0P\3\0\0\0\0\0\0P\3\0\0\0\0\0\0000\0\0\0\0\0\0\0000\0\0\0\0\0\0\0\10\0\0\0\0\0\0\0\4\0\0\0\4\0\0\0\200\3\0\0\0\0\0\0\200\3\0\0\0\0\0\0\200\3\0\0\0\0\0\0D\0\0\0\0\0\0\0D\0\0\0\0\0\0\0\4\0\0\0\0\0\0\0\7\0\0\0\4\0\0\0\360H!\0\0\0\0\0\360X!\0\0\0\0\0\360X!\0\0\0\0\0\20\0\0\0\0\0\0\0\220\0\0\0\0\0\0\0\10\0\0\0\0\0\0\0S\345td\4\0\0\0P\3\0\0\0\0\0\0P\3\0\0\0\0\0\0P\3\0\0\0\0\0\0000\0\0\0\0\0\0\0000\0\0\0\0\0\0\0\10\0\0\0\0\0\0\0P\345td\4\0\0\0L>\36\0\0\0\0\0L>\36\0\0\0\0\0L>\36\0\0\0\0\0\314p\0\0\0\0\0\0\314p\0\0\0\0\0\0\4\0\0\0\0\0\0\0Q\345td\6\0\0\0\0\0\0\0\0\0\0\0\0\0\0\0\0\0\0\0\0\0\0\0\0\0\0\0\0\0\0\0\0\0\0\0\0\0\0\0\0\0\0\0\20\0\0\0\0\0\0\0R\345td\4\0\0\0\360H!\0\0\0\0\0\360X!\0\0\0\0\0\360X!\0\0\0\0\0\0207\0\0\0\0\0\0\0207\0\0\0\0\0\0\1\0\0\0\0\0\0\0", 784, 64) = 784 <0.000066>
5333  [00007f06cfe3cbbe] pread64(3, "\4\0\0\0 \0\0\0\5\0\0\0GNU\0\2\0\0\300\4\0\0\0\3\0\0\0\0\0\0\0\2\200\0\300\4\0\0\0\1\0\0\0\0\0\0\0", 48, 848) = 48 <0.000065>
5333  [00007f06cfe3cbbe] pread64(3, "\4\0\0\0\24\0\0\0\3\0\0\0GNU\0i8\235HZ\227\223\333\350s\360\352,\223\340.\372\251\252=\4\0\0\0\20\0\0\0\1\0\0\0GNU\0\0\0\0\0\3\0\0\0\2\0\0\0\0\0\0\0", 68, 896) = 68 <0.000069>
5333  [00007f06cfe3c8fe] newfstatat(3, "", {st_mode=S_IFREG|0644, st_size=2216304, ...}, AT_EMPTY_PATH) = 0 <0.000067>
5333  [00007f06cfe3cbbe] pread64(3, "\6\0\0\0\4\0\0\0@\0\0\0\0\0\0\0@\0\0\0\0\0\0\0@\0\0\0\0\0\0\0\20\3\0\0\0\0\0\0\20\3\0\0\0\0\0\0\10\0\0\0\0\0\0\0\3\0\0\0\4\0\0\0000>\36\0\0\0\0\0000>\36\0\0\0\0\0000>\36\0\0\0\0\0\34\0\0\0\0\0\0\0\34\0\0\0\0\0\0\0\20\0\0\0\0\0\0\0\1\0\0\0\4\0\0\0\0\0\0\0\0\0\0\0\0\0\0\0\0\0\0\0\0\0\0\0\0\0\0\0\340\177\2\0\0\0\0\0\340\177\2\0\0\0\0\0\0\20\0\0\0\0\0\0\1\0\0\0\5\0\0\0\0\200\2\0\0\0\0\0\0\200\2\0\0\0\0\0\0\200\2\0\0\0\0\0\301D\31\0\0\0\0\0\301D\31\0\0\0\0\0\0\20\0\0\0\0\0\0\1\0\0\0\4\0\0\0\0\320\33\0\0\0\0\0\0\320\33\0\0\0\0\0\0\320\33\0\0\0\0\0\314x\5\0\0\0\0\0\314x\5\0\0\0\0\0\0\20\0\0\0\0\0\0\1\0\0\0\6\0\0\0\360H!\0\0\0\0\0\360X!\0\0\0\0\0\360X!\0\0\0\0\0\230O\0\0\0\0\0\0`%\1\0\0\0\0\0\0\20\0\0\0\0\0\0\2\0\0\0\6\0\0\0\300{!\0\0\0\0\0\300\213!\0\0\0\0\0\300\213!\0\0\0\0\0\320\1\0\0\0\0\0\0\320\1\0\0\0\0\0\0\10\0\0\0\0\0\0\0\4\0\0\0\4\0\0\0P\3\0\0\0\0\0\0P\3\0\0\0\0\0\0P\3\0\0\0\0\0\0000\0\0\0\0\0\0\0000\0\0\0\0\0\0\0\10\0\0\0\0\0\0\0\4\0\0\0\4\0\0\0\200\3\0\0\0\0\0\0\200\3\0\0\0\0\0\0\200\3\0\0\0\0\0\0D\0\0\0\0\0\0\0D\0\0\0\0\0\0\0\4\0\0\0\0\0\0\0\7\0\0\0\4\0\0\0\360H!\0\0\0\0\0\360X!\0\0\0\0\0\360X!\0\0\0\0\0\20\0\0\0\0\0\0\0\220\0\0\0\0\0\0\0\10\0\0\0\0\0\0\0S\345td\4\0\0\0P\3\0\0\0\0\0\0P\3\0\0\0\0\0\0P\3\0\0\0\0\0\0000\0\0\0\0\0\0\0000\0\0\0\0\0\0\0\10\0\0\0\0\0\0\0P\345td\4\0\0\0L>\36\0\0\0\0\0L>\36\0\0\0\0\0L>\36\0\0\0\0\0\314p\0\0\0\0\0\0\314p\0\0\0\0\0\0\4\0\0\0\0\0\0\0Q\345td\6\0\0\0\0\0\0\0\0\0\0\0\0\0\0\0\0\0\0\0\0\0\0\0\0\0\0\0\0\0\0\0\0\0\0\0\0\0\0\0\0\0\0\0\20\0\0\0\0\0\0\0R\345td\4\0\0\0\360H!\0\0\0\0\0\360X!\0\0\0\0\0\360X!\0\0\0\0\0\0207\0\0\0\0\0\0\0207\0\0\0\0\0\0\1\0\0\0\0\0\0\0", 784, 64) = 784 <0.000065>
5333  [00007f06cfe3ccd7] mmap(NULL, 2260560, PROT_READ, MAP_PRIVATE|MAP_DENYWRITE, 3, 0) = 0x7f06cfbdd000 <0.000074>
5333  [00007f06cfe3ccd7] mmap(0x7f06cfc05000, 1658880, PROT_READ|PROT_EXEC, MAP_PRIVATE|MAP_FIXED|MAP_DENYWRITE, 3, 0x28000) = 0x7f06cfc05000 <0.000077>
5333  [00007f06cfe3ccd7] mmap(0x7f06cfd9a000, 360448, PROT_READ, MAP_PRIVATE|MAP_FIXED|MAP_DENYWRITE, 3, 0x1bd000) = 0x7f06cfd9a000 <0.000070>
5333  [00007f06cfe3ccd7] mmap(0x7f06cfdf2000, 24576, PROT_READ|PROT_WRITE, MAP_PRIVATE|MAP_FIXED|MAP_DENYWRITE, 3, 0x214000) = 0x7f06cfdf2000 <0.000070>
5333  [00007f06cfe3ccd7] mmap(0x7f06cfdf8000, 52816, PROT_READ|PROT_WRITE, MAP_PRIVATE|MAP_FIXED|MAP_ANONYMOUS, -1, 0) = 0x7f06cfdf8000 <0.001196>
5333  [00007f06cfe3c9fb] close(3)       = 0 <0.000084>
5333  [00007f06cfe3ccd7] mmap(NULL, 12288, PROT_READ|PROT_WRITE, MAP_PRIVATE|MAP_ANONYMOUS, -1, 0) = 0x7f06cfbda000 <0.000085>
5333  [00007f06cfe36e1f] arch_prctl(ARCH_SET_FS, 0x7f06cfbda740) = 0 <0.000071>
5333  [00007f06cfe2b13e] set_tid_address(0x7f06cfbdaa10) = 5333 <0.000065>
5333  [00007f06cfe2b19a] set_robust_list(0x7f06cfbdaa20, 24) = 0 <0.000065>
5333  [00007f06cfe2b1d1] rseq(0x7f06cfbdb0e0, 0x20, 0, 0x53053053) = 0 <0.000068>
5333  [00007f06cfe3cd4b] mprotect(0x7f06cfdf2000, 16384, PROT_READ) = 0 <0.000085>
5333  [00007f06cfe3cd4b] mprotect(0x5593d8b88000, 4096, PROT_READ) = 0 <0.000077>
5333  [00007f06cfe3cd4b] mprotect(0x7f06cfe4e000, 8192, PROT_READ) = 0 <0.000082>
5333  [00007f06cfcf7494] prlimit64(0, RLIMIT_STACK, NULL, {rlim_cur=8192*1024, rlim_max=RLIM64_INFINITY}) = 0 <0.000129>
5333  [00007f06cfe3cd1b] munmap(0x7f06cfe05000, 58527) = 0 <0.000893>
5333  [00007f06cfcf0eee] newfstatat(1, "", {st_mode=S_IFCHR|0620, st_rdev=makedev(0x88, 0), ...}, AT_EMPTY_PATH) = 0 <0.000190>
5333  [00007f06cfc23c87] getrandom("\xd3\x43\x53\x49\x24\xe0\xd3\xc6", 8, GRND_NONBLOCK) = 8 <0.000069>
5333  [00007f06cfcf79db] brk(NULL)      = 0x5593d9b44000 <0.000067>
5333  [00007f06cfcf79db] brk(0x5593d9b65000) = 0x5593d9b65000 <0.000079>
5333  [00007f06cfcf1a37] write(1, "hello, world\n", 13) = 13 <0.000096>
5333  [00007f06cfcc7ca1] exit_group(0)  = ?
5333  [????????????????] +++ exited with 0 +++
5148  [00007ff14a0a845a] <... wait4 resumed>[{WIFEXITED(s) && WEXITSTATUS(s) == 0}], WSTOPPED|WCONTINUED, NULL) = 5333 <0.036896>
5148  [00007ff14a059c9b] rt_sigprocmask(SIG_BLOCK, [CHLD TSTP TTIN TTOU], [CHLD], 8) = 0 <0.000005>
5148  [00007ff14a0d8aff] ioctl(255, TIOCSPGRP, [5148]) = 0 <0.000007>
5148  [00007ff14a059c9b] rt_sigprocmask(SIG_SETMASK, [CHLD], NULL, 8) = 0 <0.000005>
5148  [00007ff14a0d80fa] ioctl(255, TCGETS, {B38400 opost isig icanon echo ...}) = 0 <0.000006>
5148  [00007ff14a0d8aff] ioctl(255, TIOCGWINSZ, {ws_row=24, ws_col=80, ws_xpixel=0, ws_ypixel=0}) = 0 <0.000005>
5148  [00007ff14a059c9b] rt_sigprocmask(SIG_SETMASK, [], NULL, 8) = 0 <0.000005>
5148  [00007ff14a059c9b] --- SIGCHLD {si_signo=SIGCHLD, si_code=CLD_EXITED, si_pid=5333, si_uid=1000, si_status=0, si_utime=0, si_stime=0} ---
5148  [00007ff14a0a845a] wait4(-1, 0x7ffd2ef9fa50, WNOHANG|WSTOPPED|WCONTINUED, NULL) = -1 ECHILD (No child processes) <0.000005>
5148  [00007ff14a000529] rt_sigreturn({mask=[]}) = 0 <0.000006>
5148  [00007ff14a0005f3] rt_sigaction(SIGINT, {sa_handler=0x564eec065030, sa_mask=[], sa_flags=SA_RESTORER, sa_restorer=0x7ff14a000520}, {sa_handler=0x564eec065030, sa_mask=[], sa_flags=SA_RESTORER, sa_restorer=0x7ff14a000520}, 8) = 0 <0.000005>
5148  [00007ff14a059c9b] rt_sigprocmask(SIG_BLOCK, [CHLD TSTP TTIN TTOU], [], 8) = 0 <0.000005>
5148  [00007ff14a0d8aff] ioctl(255, TIOCSPGRP, [5148]) = 0 <0.000006>
5148  [00007ff14a059c9b] rt_sigprocmask(SIG_SETMASK, [], NULL, 8) = 0 <0.000005>
5148  [00007ff14a0005f3] rt_sigaction(SIGINT, {sa_handler=0x564eec065030, sa_mask=[], sa_flags=SA_RESTORER, sa_restorer=0x7ff14a000520}, {sa_handler=0x564eec065030, sa_mask=[], sa_flags=SA_RESTORER, sa_restorer=0x7ff14a000520}, 8) = 0 <0.000005>
5148  [00007ff14a0d7b14] fcntl(0, F_GETFL) = 0x80002 (flags O_RDWR|O_CLOEXEC) <0.000005>
5148  [00007ff14a0d8aff] ioctl(0, TIOCGWINSZ, {ws_row=24, ws_col=80, ws_xpixel=0, ws_ypixel=0}) = 0 <0.000005>
5148  [00007ff14a0d8aff] ioctl(0, TIOCSWINSZ, {ws_row=24, ws_col=80, ws_xpixel=0, ws_ypixel=0}) = 0 <0.000006>
5148  [00007ff14a0d80fa] ioctl(0, TCGETS, {B38400 opost isig icanon echo ...}) = 0 <0.000006>
5148  [00007ff14a0d7f11] ioctl(0, TCGETS, {B38400 opost isig icanon echo ...}) = 0 <0.000006>
5148  [00007ff14a0d7f95] ioctl(0, SNDCTL_TMR_STOP or TCSETSW, {B38400 opost isig -icanon -echo ...}) = 0 <0.000006>
5148  [00007ff14a0d7fbd] ioctl(0, TCGETS, {B38400 opost isig -icanon -echo ...}) = 0 <0.000005>
5148  [00007ff14a0d2a37] write(2, "\33[?2004h", 8) = 8 <0.000025>
5148  [00007ff14a059c9b] rt_sigprocmask(SIG_BLOCK, [HUP INT QUIT ALRM TERM TSTP TTIN TTOU], [], 8) = 0 <0.000005>
5148  [00007ff14a0005f3] rt_sigaction(SIGINT, {sa_handler=0x564eec0c69c0, sa_mask=[], sa_flags=SA_RESTORER, sa_restorer=0x7ff14a000520}, {sa_handler=0x564eec065030, sa_mask=[], sa_flags=SA_RESTORER, sa_restorer=0x7ff14a000520}, 8) = 0 <0.000005>
5148  [00007ff14a0005f3] rt_sigaction(SIGTERM, {sa_handler=0x564eec0c69c0, sa_mask=[], sa_flags=SA_RESTORER, sa_restorer=0x7ff14a000520}, {sa_handler=SIG_IGN, sa_mask=[], sa_flags=SA_RESTORER, sa_restorer=0x7ff14a000520}, 8) = 0 <0.000005>
5148  [00007ff14a0005f3] rt_sigaction(SIGTERM, {sa_handler=SIG_IGN, sa_mask=[], sa_flags=SA_RESTORER, sa_restorer=0x7ff14a000520}, {sa_handler=0x564eec0c69c0, sa_mask=[], sa_flags=SA_RESTORER, sa_restorer=0x7ff14a000520}, 8) = 0 <0.000005>
5148  [00007ff14a0005f3] rt_sigaction(SIGHUP, {sa_handler=0x564eec0c69c0, sa_mask=[], sa_flags=SA_RESTORER, sa_restorer=0x7ff14a000520}, {sa_handler=0x564eec065410, sa_mask=[HUP INT ILL TRAP ABRT BUS FPE USR1 SEGV USR2 PIPE ALRM TERM XCPU XFSZ VTALRM SYS], sa_flags=SA_RESTORER, sa_restorer=0x7ff14a000520}, 8) = 0 <0.000005>
5148  [00007ff14a0005f3] rt_sigaction(SIGQUIT, {sa_handler=0x564eec0c69c0, sa_mask=[], sa_flags=SA_RESTORER, sa_restorer=0x7ff14a000520}, {sa_handler=SIG_IGN, sa_mask=[], sa_flags=SA_RESTORER, sa_restorer=0x7ff14a000520}, 8) = 0 <0.000005>
5148  [00007ff14a0005f3] rt_sigaction(SIGQUIT, {sa_handler=SIG_IGN, sa_mask=[], sa_flags=SA_RESTORER, sa_restorer=0x7ff14a000520}, {sa_handler=0x564eec0c69c0, sa_mask=[], sa_flags=SA_RESTORER, sa_restorer=0x7ff14a000520}, 8) = 0 <0.000005>
5148  [00007ff14a0005f3] rt_sigaction(SIGALRM, {sa_handler=0x564eec0c69c0, sa_mask=[], sa_flags=SA_RESTORER, sa_restorer=0x7ff14a000520}, {sa_handler=0x564eec065410, sa_mask=[HUP INT ILL TRAP ABRT BUS FPE USR1 SEGV USR2 PIPE ALRM TERM XCPU XFSZ VTALRM SYS], sa_flags=SA_RESTORER, sa_restorer=0x7ff14a000520}, 8) = 0 <0.000005>
5148  [00007ff14a0005f3] rt_sigaction(SIGTSTP, {sa_handler=0x564eec0c69c0, sa_mask=[], sa_flags=SA_RESTORER, sa_restorer=0x7ff14a000520}, {sa_handler=SIG_IGN, sa_mask=[], sa_flags=SA_RESTORER, sa_restorer=0x7ff14a000520}, 8) = 0 <0.000005>
5148  [00007ff14a0005f3] rt_sigaction(SIGTSTP, {sa_handler=SIG_IGN, sa_mask=[], sa_flags=SA_RESTORER, sa_restorer=0x7ff14a000520}, {sa_handler=0x564eec0c69c0, sa_mask=[], sa_flags=SA_RESTORER, sa_restorer=0x7ff14a000520}, 8) = 0 <0.000005>
5148  [00007ff14a0005f3] rt_sigaction(SIGTTOU, {sa_handler=0x564eec0c69c0, sa_mask=[], sa_flags=SA_RESTORER, sa_restorer=0x7ff14a000520}, {sa_handler=SIG_IGN, sa_mask=[], sa_flags=SA_RESTORER, sa_restorer=0x7ff14a000520}, 8) = 0 <0.000005>
5148  [00007ff14a0005f3] rt_sigaction(SIGTTOU, {sa_handler=SIG_IGN, sa_mask=[], sa_flags=SA_RESTORER, sa_restorer=0x7ff14a000520}, {sa_handler=0x564eec0c69c0, sa_mask=[], sa_flags=SA_RESTORER, sa_restorer=0x7ff14a000520}, 8) = 0 <0.000005>
5148  [00007ff14a0005f3] rt_sigaction(SIGTTIN, {sa_handler=0x564eec0c69c0, sa_mask=[], sa_flags=SA_RESTORER, sa_restorer=0x7ff14a000520}, {sa_handler=SIG_IGN, sa_mask=[], sa_flags=SA_RESTORER, sa_restorer=0x7ff14a000520}, 8) = 0 <0.000005>
5148  [00007ff14a0005f3] rt_sigaction(SIGTTIN, {sa_handler=SIG_IGN, sa_mask=[], sa_flags=SA_RESTORER, sa_restorer=0x7ff14a000520}, {sa_handler=0x564eec0c69c0, sa_mask=[], sa_flags=SA_RESTORER, sa_restorer=0x7ff14a000520}, 8) = 0 <0.000005>
5148  [00007ff14a059c9b] rt_sigprocmask(SIG_SETMASK, [], NULL, 8) = 0 <0.000005>
5148  [00007ff14a0005f3] rt_sigaction(SIGWINCH, {sa_handler=0x564eec0c69d0, sa_mask=[], sa_flags=SA_RESTORER|SA_RESTART, sa_restorer=0x7ff14a000520}, {sa_handler=0x564eec0631e0, sa_mask=[], sa_flags=SA_RESTORER|SA_RESTART, sa_restorer=0x7ff14a000520}, 8) = 0 <0.000005>
5148  [00007ff14a0d2a37] write(2, "\33]0;qqq@qqq-virtual-machine: /mnt/hgfs/demo-c/demo-in-linux/helloworld\7\33[01;32mqqq@qqq-virtual-machine\33[00m:\33[01;34m/mnt/hgfs/demo-c/demo-in-linux/helloworld\33[00m$ ", 164) = 164 <0.000022>
5148  [00007ff14a0d98f4] pselect6(1, [0], NULL, NULL, NULL, {sigmask=[], sigsetsize=8} <detached ...>
