371   13:33:13 [00007f616b446b40] read(0, ".", 1) = 1 <3.174090>
371   13:33:16 [00007f616b38d630] rt_sigprocmask(SIG_BLOCK, [INT], [], 8) = 0 <0.000277>
371   13:33:16 [00007f616b446ba0] write(2, ".", 1) = 1 <0.000360>
371   13:33:16 [00007f616b38d630] rt_sigprocmask(SIG_SETMASK, [], NULL, 8) = 0 <0.000302>
371   13:33:16 [00007f616b38d630] rt_sigprocmask(SIG_BLOCK, NULL, [], 8) = 0 <0.000414>
371   13:33:16 [00007f616b446b40] read(0, "/", 1) = 1 <0.058805>
371   13:33:16 [00007f616b38d630] rt_sigprocmask(SIG_BLOCK, [INT], [], 8) = 0 <0.000333>
371   13:33:16 [00007f616b446ba0] write(2, "/", 1) = 1 <0.000319>
371   13:33:16 [00007f616b38d630] rt_sigprocmask(SIG_SETMASK, [], NULL, 8) = 0 <0.000414>
371   13:33:16 [00007f616b38d630] rt_sigprocmask(SIG_BLOCK, NULL, [], 8) = 0 <0.000406>
371   13:33:16 [00007f616b446b40] read(0, "h", 1) = 1 <0.526848>
371   13:33:17 [00007f616b38d630] rt_sigprocmask(SIG_BLOCK, [INT], [], 8) = 0 <0.000044>
371   13:33:17 [00007f616b446ba0] write(2, "h", 1) = 1 <0.000369>
371   13:33:17 [00007f616b38d630] rt_sigprocmask(SIG_SETMASK, [], NULL, 8) = 0 <0.000245>
371   13:33:17 [00007f616b38d630] rt_sigprocmask(SIG_BLOCK, NULL, [], 8) = 0 <0.000431>
371   13:33:17 [00007f616b446b40] read(0, "e", 1) = 1 <0.377669>
371   13:33:17 [00007f616b38d630] rt_sigprocmask(SIG_BLOCK, [INT], [], 8) = 0 <0.000390>
371   13:33:17 [00007f616b446ba0] write(2, "e", 1) = 1 <0.000466>
371   13:33:17 [00007f616b38d630] rt_sigprocmask(SIG_SETMASK, [], NULL, 8) = 0 <0.000208>
371   13:33:17 [00007f616b38d630] rt_sigprocmask(SIG_BLOCK, NULL, [], 8) = 0 <0.000460>
371   13:33:17 [00007f616b446b40] read(0, "l", 1) = 1 <0.158641>
371   13:33:17 [00007f616b38d630] rt_sigprocmask(SIG_BLOCK, [INT], [], 8) = 0 <0.000515>
371   13:33:17 [00007f616b446ba0] write(2, "l", 1) = 1 <0.000444>
371   13:33:17 [00007f616b38d630] rt_sigprocmask(SIG_SETMASK, [], NULL, 8) = 0 <0.000196>
371   13:33:17 [00007f616b38d630] rt_sigprocmask(SIG_BLOCK, NULL, [], 8) = 0 <0.000430>
371   13:33:17 [00007f616b446b40] read(0, "l", 1) = 1 <0.134618>
371   13:33:18 [00007f616b38d630] rt_sigprocmask(SIG_BLOCK, [INT], [], 8) = 0 <0.000333>
371   13:33:18 [00007f616b446ba0] write(2, "l", 1) = 1 <0.000796>
371   13:33:18 [00007f616b38d630] rt_sigprocmask(SIG_SETMASK, [], NULL, 8) = 0 <0.000558>
371   13:33:18 [00007f616b38d630] rt_sigprocmask(SIG_BLOCK, NULL, [], 8) = 0 <0.000272>
371   13:33:18 [00007f616b446b40] read(0, "o", 1) = 1 <0.233068>
371   13:33:18 [00007f616b38d630] rt_sigprocmask(SIG_BLOCK, [INT], [], 8) = 0 <0.000136>
371   13:33:18 [00007f616b446ba0] write(2, "o", 1) = 1 <0.000473>
371   13:33:18 [00007f616b38d630] rt_sigprocmask(SIG_SETMASK, [], NULL, 8) = 0 <0.000298>
371   13:33:18 [00007f616b38d630] rt_sigprocmask(SIG_BLOCK, NULL, [], 8) = 0 <0.000415>
371   13:33:18 [00007f616b446b40] read(0, "\r", 1) = 1 <0.857309>
371   13:33:19 [00007f616b446ba0] write(2, "\n", 1) = 1 <0.000149>
371   13:33:19 [00007f616b38d630] rt_sigprocmask(SIG_BLOCK, [INT], [], 8) = 0 <0.000072>
371   13:33:19 [00007f616b44bb1c] ioctl(0, SNDCTL_TMR_STOP or TCSETSW, {B38400 opost isig icanon echo ...}) = 0 <0.000172>
371   13:33:19 [00007f616b38d630] rt_sigprocmask(SIG_SETMASK, [], NULL, 8) = 0 <0.000164>
371   13:33:19 [00007f616b38d50d] rt_sigaction(SIGINT, {sa_handler=0x456bb0, sa_mask=[], sa_flags=SA_RESTORER, sa_restorer=0x7f616b38d400}, {sa_handler=0x49c420, sa_mask=[], sa_flags=SA_RESTORER, sa_restorer=0x7f616b38d400}, 8) = 0 <0.000122>
371   13:33:19 [00007f616b38d50d] rt_sigaction(SIGTERM, {sa_handler=SIG_IGN, sa_mask=[], sa_flags=SA_RESTORER, sa_restorer=0x7f616b38d400}, {sa_handler=SIG_IGN, sa_mask=[], sa_flags=SA_RESTORER, sa_restorer=0x7f616b38d400}, 8) = 0 <0.000146>
371   13:33:19 [00007f616b38d50d] rt_sigaction(SIGQUIT, {sa_handler=SIG_IGN, sa_mask=[], sa_flags=SA_RESTORER, sa_restorer=0x7f616b38d400}, {sa_handler=SIG_IGN, sa_mask=[], sa_flags=SA_RESTORER, sa_restorer=0x7f616b38d400}, 8) = 0 <0.000127>
371   13:33:19 [00007f616b38d50d] rt_sigaction(SIGALRM, {sa_handler=0x456da0, sa_mask=[HUP INT ILL TRAP ABRT BUS FPE USR1 SEGV USR2 PIPE ALRM TERM XCPU XFSZ VTALRM SYS], sa_flags=SA_RESTORER, sa_restorer=0x7f616b38d400}, {sa_handler=0x49c420, sa_mask=[], sa_flags=SA_RESTORER, sa_restorer=0x7f616b38d400}, 8) = 0 <0.000122>
371   13:33:19 [00007f616b38d50d] rt_sigaction(SIGTSTP, {sa_handler=SIG_IGN, sa_mask=[], sa_flags=SA_RESTORER, sa_restorer=0x7f616b38d400}, {sa_handler=SIG_IGN, sa_mask=[], sa_flags=SA_RESTORER, sa_restorer=0x7f616b38d400}, 8) = 0 <0.000098>
371   13:33:19 [00007f616b38d50d] rt_sigaction(SIGTTOU, {sa_handler=SIG_IGN, sa_mask=[], sa_flags=SA_RESTORER, sa_restorer=0x7f616b38d400}, {sa_handler=SIG_IGN, sa_mask=[], sa_flags=SA_RESTORER, sa_restorer=0x7f616b38d400}, 8) = 0 <0.000089>
371   13:33:19 [00007f616b38d50d] rt_sigaction(SIGTTIN, {sa_handler=SIG_IGN, sa_mask=[], sa_flags=SA_RESTORER, sa_restorer=0x7f616b38d400}, {sa_handler=SIG_IGN, sa_mask=[], sa_flags=SA_RESTORER, sa_restorer=0x7f616b38d400}, 8) = 0 <0.000050>
371   13:33:19 [00007f616b38d50d] rt_sigaction(SIGWINCH, {sa_handler=0x456740, sa_mask=[], sa_flags=SA_RESTORER, sa_restorer=0x7f616b38d400}, {sa_handler=0x49ba70, sa_mask=[], sa_flags=SA_RESTORER|SA_RESTART, sa_restorer=0x7f616b38d400}, 8) = 0 <0.000048>
371   13:33:19 [00007f616b456c87] socket(AF_NETLINK, SOCK_RAW, NETLINK_AUDIT) = 3 <0.000060>
371   13:33:19 [00007f616b456b70] sendmsg(3, {msg_name={sa_family=AF_NETLINK, nl_pid=0, nl_groups=00000000}, msg_namelen=12, msg_iov=[{iov_base={len=24, type=0x464 /* NLMSG_??? */, flags=NLM_F_REQUEST, seq=0, pid=0}, iov_len=16}, {iov_base="\x2e\x2f\x68\x65\x6c\x6c\x6f\x00", iov_len=8}], msg_iovlen=2, msg_controllen=0, msg_flags=0}, 0) = 24 <0.000039>
371   13:33:19 [00007f616b4471f0] close(3) = 0 <0.000068>
371   13:33:19 [00007f616b38d50d] rt_sigaction(SIGINT, {sa_handler=0x456bb0, sa_mask=[], sa_flags=SA_RESTORER, sa_restorer=0x7f616b38d400}, {sa_handler=0x456bb0, sa_mask=[], sa_flags=SA_RESTORER, sa_restorer=0x7f616b38d400}, 8) = 0 <0.000049>
371   13:33:19 [00007f616b38d630] rt_sigprocmask(SIG_BLOCK, [INT CHLD], [], 8) = 0 <0.000057>
371   13:33:19 [00007f616b4472d7] pipe([3, 4]) = 0 <0.000057>
371   13:33:19 [00007f616b41cb12] clone( <unfinished ...>
406   13:33:19 [00007f616b38d630] rt_sigprocmask(SIG_SETMASK, [],  <unfinished ...>
371   13:33:19 [00007f616b41cb12] <... clone resumed>child_stack=NULL, flags=CLONE_CHILD_CLEARTID|CLONE_CHILD_SETTID|SIGCHLD, child_tidptr=0x7f616bd6ca10) = 406 <0.000616>
406   13:33:19 [00007f616b38d630] <... rt_sigprocmask resumed>NULL, 8) = 0 <0.000455>
371   13:33:19 [00007f616b41dc47] setpgid(406, 406 <unfinished ...>
406   13:33:19 [00007f616b38d50d] rt_sigaction(SIGTSTP, {sa_handler=SIG_DFL, sa_mask=[], sa_flags=SA_RESTORER, sa_restorer=0x7f616b38d400},  <unfinished ...>
371   13:33:19 [00007f616b41dc47] <... setpgid resumed>) = 0 <0.000403>
406   13:33:19 [00007f616b38d50d] <... rt_sigaction resumed>{sa_handler=SIG_IGN, sa_mask=[], sa_flags=SA_RESTORER, sa_restorer=0x7f616b38d400}, 8) = 0 <0.000345>
371   13:33:19 [00007f616b38d630] rt_sigprocmask(SIG_SETMASK, [],  <unfinished ...>
406   13:33:19 [00007f616b38d50d] rt_sigaction(SIGTTIN, {sa_handler=SIG_DFL, sa_mask=[], sa_flags=SA_RESTORER, sa_restorer=0x7f616b38d400},  <unfinished ...>
371   13:33:19 [00007f616b38d630] <... rt_sigprocmask resumed>NULL, 8) = 0 <0.000318>
406   13:33:19 [00007f616b38d50d] <... rt_sigaction resumed>{sa_handler=SIG_IGN, sa_mask=[], sa_flags=SA_RESTORER, sa_restorer=0x7f616b38d400}, 8) = 0 <0.000305>
371   13:33:19 [00007f616b38d630] rt_sigprocmask(SIG_BLOCK, [CHLD],  <unfinished ...>
406   13:33:19 [00007f616b38d50d] rt_sigaction(SIGTTOU, {sa_handler=SIG_DFL, sa_mask=[], sa_flags=SA_RESTORER, sa_restorer=0x7f616b38d400},  <unfinished ...>
371   13:33:19 [00007f616b38d630] <... rt_sigprocmask resumed>[], 8) = 0 <0.000313>
406   13:33:19 [00007f616b38d50d] <... rt_sigaction resumed>{sa_handler=SIG_IGN, sa_mask=[], sa_flags=SA_RESTORER, sa_restorer=0x7f616b38d400}, 8) = 0 <0.000370>
371   13:33:19 [00007f616b4471f0] close(3 <unfinished ...>
406   13:33:19 [00007f616b41dc47] setpgid(406, 406 <unfinished ...>
371   13:33:19 [00007f616b4471f0] <... close resumed>) = 0 <0.000337>
406   13:33:19 [00007f616b41dc47] <... setpgid resumed>) = 0 <0.000722>
371   13:33:19 [00007f616b4471f0] close(4 <unfinished ...>
406   13:33:19 [00007f616b38d630] rt_sigprocmask(SIG_BLOCK, [CHLD TSTP TTIN TTOU],  <unfinished ...>
371   13:33:19 [00007f616b4471f0] <... close resumed>) = 0 <0.000330>
406   13:33:19 [00007f616b38d630] <... rt_sigprocmask resumed>[], 8) = 0 <0.000260>
371   13:33:19 [00007f616b44c4a7] ioctl(255, TIOCGPGRP <unfinished ...>
406   13:33:19 [00007f616b44c4a7] ioctl(255, TIOCSPGRP, [406]) = 0 <0.000049>
371   13:33:19 [00007f616b44c4a7] <... ioctl resumed>, [371]) = 0 <0.000649>
406   13:33:19 [00007f616b38d630] rt_sigprocmask(SIG_SETMASK, [],  <unfinished ...>
371   13:33:19 [00007f616b38d630] rt_sigprocmask(SIG_BLOCK, [CHLD TSTP TTIN TTOU],  <unfinished ...>
406   13:33:19 [00007f616b38d630] <... rt_sigprocmask resumed>NULL, 8) = 0 <0.000394>
371   13:33:19 [00007f616b38d630] <... rt_sigprocmask resumed>[CHLD], 8) = 0 <0.000316>
406   13:33:19 [00007f616b4471f0] close(4 <unfinished ...>
371   13:33:19 [00007f616b44c4a7] ioctl(255, TIOCSPGRP, [406] <unfinished ...>
406   13:33:19 [00007f616b4471f0] <... close resumed>) = 0 <0.000240>
371   13:33:19 [00007f616b44c4a7] <... ioctl resumed>) = 0 <0.000296>
406   13:33:19 [00007f616b446b40] read(3,  <unfinished ...>
371   13:33:19 [00007f616b38d630] rt_sigprocmask(SIG_SETMASK, [CHLD],  <unfinished ...>
406   13:33:19 [00007f616b446b40] <... read resumed>"", 1) = 0 <0.000279>
371   13:33:19 [00007f616b38d630] <... rt_sigprocmask resumed>NULL, 8) = 0 <0.000266>
406   13:33:19 [00007f616b4471f0] close(3 <unfinished ...>
371   13:33:19 [00007f616b38d630] rt_sigprocmask(SIG_SETMASK, [],  <unfinished ...>
406   13:33:19 [00007f616b4471f0] <... close resumed>) = 0 <0.000404>
371   13:33:19 [00007f616b38d630] <... rt_sigprocmask resumed>NULL, 8) = 0 <0.000441>
406   13:33:19 [00007f616b38d50d] rt_sigaction(SIGHUP, {sa_handler=SIG_DFL, sa_mask=[], sa_flags=SA_RESTORER, sa_restorer=0x7f616b38d400},  <unfinished ...>
371   13:33:19 [00007f616b38d630] rt_sigprocmask(SIG_BLOCK, [CHLD],  <unfinished ...>
406   13:33:19 [00007f616b38d50d] <... rt_sigaction resumed>NULL, 8) = 0 <0.000282>
371   13:33:19 [00007f616b38d630] <... rt_sigprocmask resumed>[], 8) = 0 <0.000291>
406   13:33:19 [00007f616b38d50d] rt_sigaction(SIGILL, {sa_handler=SIG_DFL, sa_mask=[], sa_flags=SA_RESTORER, sa_restorer=0x7f616b38d400},  <unfinished ...>
371   13:33:19 [00007f616b41c60c] wait4(-1,  <unfinished ...>
406   13:33:19 [00007f616b38d50d] <... rt_sigaction resumed>NULL, 8) = 0 <0.000338>
406   13:33:19 [00007f616b38d50d] rt_sigaction(SIGTRAP, {sa_handler=SIG_DFL, sa_mask=[], sa_flags=SA_RESTORER, sa_restorer=0x7f616b38d400}, NULL, 8) = 0 <0.000066>
406   13:33:19 [00007f616b38d50d] rt_sigaction(SIGABRT, {sa_handler=SIG_DFL, sa_mask=[], sa_flags=SA_RESTORER, sa_restorer=0x7f616b38d400}, NULL, 8) = 0 <0.000050>
406   13:33:19 [00007f616b38d50d] rt_sigaction(SIGFPE, {sa_handler=SIG_DFL, sa_mask=[], sa_flags=SA_RESTORER, sa_restorer=0x7f616b38d400}, NULL, 8) = 0 <0.000030>
406   13:33:19 [00007f616b38d50d] rt_sigaction(SIGBUS, {sa_handler=SIG_DFL, sa_mask=[], sa_flags=SA_RESTORER, sa_restorer=0x7f616b38d400}, NULL, 8) = 0 <0.000038>
406   13:33:19 [00007f616b38d50d] rt_sigaction(SIGSEGV, {sa_handler=SIG_DFL, sa_mask=[], sa_flags=SA_RESTORER, sa_restorer=0x7f616b38d400}, NULL, 8) = 0 <0.000037>
406   13:33:19 [00007f616b38d50d] rt_sigaction(SIGSYS, {sa_handler=SIG_DFL, sa_mask=[], sa_flags=SA_RESTORER, sa_restorer=0x7f616b38d400}, NULL, 8) = 0 <0.000042>
406   13:33:19 [00007f616b38d50d] rt_sigaction(SIGPIPE, {sa_handler=SIG_DFL, sa_mask=[], sa_flags=SA_RESTORER, sa_restorer=0x7f616b38d400}, NULL, 8) = 0 <0.000038>
406   13:33:19 [00007f616b38d50d] rt_sigaction(SIGALRM, {sa_handler=SIG_DFL, sa_mask=[], sa_flags=SA_RESTORER, sa_restorer=0x7f616b38d400}, NULL, 8) = 0 <0.000074>
406   13:33:19 [00007f616b38d50d] rt_sigaction(SIGXCPU, {sa_handler=SIG_DFL, sa_mask=[], sa_flags=SA_RESTORER, sa_restorer=0x7f616b38d400}, NULL, 8) = 0 <0.000071>
406   13:33:19 [00007f616b38d50d] rt_sigaction(SIGXFSZ, {sa_handler=SIG_DFL, sa_mask=[], sa_flags=SA_RESTORER, sa_restorer=0x7f616b38d400}, NULL, 8) = 0 <0.000052>
406   13:33:19 [00007f616b38d50d] rt_sigaction(SIGVTALRM, {sa_handler=SIG_DFL, sa_mask=[], sa_flags=SA_RESTORER, sa_restorer=0x7f616b38d400}, NULL, 8) = 0 <0.000050>
406   13:33:19 [00007f616b38d50d] rt_sigaction(SIGUSR1, {sa_handler=SIG_DFL, sa_mask=[], sa_flags=SA_RESTORER, sa_restorer=0x7f616b38d400}, NULL, 8) = 0 <0.000051>
406   13:33:19 [00007f616b38d50d] rt_sigaction(SIGUSR2, {sa_handler=SIG_DFL, sa_mask=[], sa_flags=SA_RESTORER, sa_restorer=0x7f616b38d400}, NULL, 8) = 0 <0.000048>
406   13:33:19 [00007f616b38d50d] rt_sigaction(SIGINT, {sa_handler=SIG_DFL, sa_mask=[], sa_flags=SA_RESTORER, sa_restorer=0x7f616b38d400}, {sa_handler=0x456bb0, sa_mask=[], sa_flags=SA_RESTORER, sa_restorer=0x7f616b38d400}, 8) = 0 <0.000066>
406   13:33:19 [00007f616b38d50d] rt_sigaction(SIGQUIT, {sa_handler=SIG_DFL, sa_mask=[], sa_flags=SA_RESTORER, sa_restorer=0x7f616b38d400}, {sa_handler=SIG_IGN, sa_mask=[], sa_flags=SA_RESTORER, sa_restorer=0x7f616b38d400}, 8) = 0 <0.000051>
406   13:33:19 [00007f616b38d50d] rt_sigaction(SIGTERM, {sa_handler=SIG_DFL, sa_mask=[], sa_flags=SA_RESTORER, sa_restorer=0x7f616b38d400}, {sa_handler=SIG_IGN, sa_mask=[], sa_flags=SA_RESTORER, sa_restorer=0x7f616b38d400}, 8) = 0 <0.000050>
406   13:33:19 [00007f616b38d50d] rt_sigaction(SIGCHLD, {sa_handler=SIG_DFL, sa_mask=[], sa_flags=SA_RESTORER|SA_RESTART, sa_restorer=0x7f616b38d400}, {sa_handler=0x4414a0, sa_mask=[], sa_flags=SA_RESTORER|SA_RESTART, sa_restorer=0x7f616b38d400}, 8) = 0 <0.000047>
406   13:33:19 [00007f616b41cdd7] execve("./hello", ["./hello"], 0x118bf60 /* 9 vars */) = 0 <0.001276>
406   13:33:19 [00007fdf40d76aac] brk(NULL) = 0x127d000 <0.000038>
406   13:33:19 [00007fdf40d777da] mmap(NULL, 4096, PROT_READ|PROT_WRITE, MAP_PRIVATE|MAP_ANONYMOUS, -1, 0) = 0x7fdf40f7e000 <0.000040>
406   13:33:19 [00007fdf40d776d7] access("/etc/ld.so.preload", R_OK) = -1 ENOENT (No such file or directory) <0.000073>
406   13:33:19 [00007fdf40d77677] open("/etc/ld.so.cache", O_RDONLY|O_CLOEXEC) = 3 <0.000074>
406   13:33:19 [00007fdf40d77604] fstat(3, {st_mode=S_IFREG|0644, st_size=13257, ...}) = 0 <0.000079>
406   13:33:19 [00007fdf40d777da] mmap(NULL, 13257, PROT_READ, MAP_PRIVATE, 3, 0) = 0x7fdf40f7a000 <0.000074>
406   13:33:19 [00007fdf40d77787] close(3) = 0 <0.000068>
406   13:33:19 [00007fdf40d77677] open("/lib64/libc.so.6", O_RDONLY|O_CLOEXEC) = 3 <0.000070>
406   13:33:19 [00007fdf40d77697] read(3, "\177ELF\2\1\1\3\0\0\0\0\0\0\0\0\3\0>\0\1\0\0\0`&\2\0\0\0\0\0@\0\0\0\0\0\0\0p\325 \0\0\0\0\0\0\0\0\0@\08\0\n\0@\0K\0J\0\6\0\0\0\5\0\0\0@\0\0\0\0\0\0\0@\0\0\0\0\0\0\0@\0\0\0\0\0\0\0000\2\0\0\0\0\0\0000\2\0\0\0\0\0\0\10\0\0\0\0\0\0\0\3\0\0\0\4\0\0\0`\354\30\0\0\0\0\0`\354\30\0\0\0\0\0`\354\30\0\0\0\0\0\34\0\0\0\0\0\0\0\34\0\0\0\0\0\0\0\20\0\0\0\0\0\0\0\1\0\0\0\5\0\0\0\0\0\0\0\0\0\0\0\0\0\0\0\0\0\0\0\0\0\0\0\0\0\0\0\0203\34\0\0\0\0\0\0203\34\0\0\0\0\0\0\0 \0\0\0\0\0\1\0\0\0\6\0\0\0\3606\34\0\0\0\0\0\3606<\0\0\0\0\0\3606<\0\0\0\0\0\260Q\0\0\0\0\0\0\20\233\0\0\0\0\0\0\0\0 \0\0\0\0\0\2\0\0\0\6\0\0\0`k\34\0\0\0\0\0`k<\0\0\0\0\0`k<\0\0\0\0\0\360\1\0\0\0\0\0\0\360\1\0\0\0\0\0\0\10\0\0\0\0\0\0\0\4\0\0\0\4\0\0\0p\2\0\0\0\0\0\0p\2\0\0\0\0\0\0p\2\0\0\0\0\0\0D\0\0\0\0\0\0\0D\0\0\0\0\0\0\0\4\0\0\0\0\0\0\0\7\0\0\0\4\0\0\0\3606\34\0\0\0\0\0\3606<\0\0\0\0\0\3606<\0\0\0\0\0\20\0\0\0\0\0\0\0\240\0\0\0\0\0\0\0\20\0\0\0\0\0\0\0P\345td\4\0\0\0|\354\30\0\0\0\0\0|\354\30\0\0\0\0\0|\354\30\0\0\0\0\0\374j\0\0\0\0\0\0\374j\0\0\0\0\0\0\4\0\0\0\0\0\0\0Q\345td\6\0\0\0\0\0\0\0\0\0\0\0\0\0\0\0\0\0\0\0\0\0\0\0\0\0\0\0\0\0\0\0\0\0\0\0\0\0\0\0\0\0\0\0\20\0\0\0\0\0\0\0R\345td\4\0\0\0\3606\34\0\0\0\0\0\3606<\0\0\0\0\0\3606<\0\0\0\0\0\209\0\0\0\0\0\0\209\0\0\0\0\0\0\1\0\0\0\0\0\0\0\4\0\0\0\24\0\0\0\3\0\0\0GNU\0\215\251p}Q\216\210\27\233\33)\3\315\204l\202\20-\204\301\4\0\0\0\20\0\0\0\1\0\0\0GNU\0\0\0\0\0\2\0\0\0\6\0\0\0 \0\0\0\0\0\0\0\363\3\0\0\7\0\0\0\0\1\0\0\16\0\0\0\0000\20D\240 \2\1\210\3\346\220\305E\214\0\300\0\10\0\5\200\0`\300\200\0\r\212\f\0\4\20\0\210D2\10.@\210T<, \0162H&\204\300\214\4\10\0\2\2\16\241\254\32\4f\300\0\3002\0\300\0P\1 \201\10\204\v  ($\0\4 Z\0\20X\200\312DB(\0\6\200\20\30B\0 @\200\0\tP\0Q\212@\20\0\0\0\0\10\0\0\21\20", 832) = 832 <0.000038>
406   13:33:19 [00007fdf40d77604] fstat(3, {st_mode=S_IFREG|0755, st_size=2156592, ...}) = 0 <0.000053>
406   13:33:19 [00007fdf40d777da] mmap(NULL, 3985920, PROT_READ|PROT_EXEC, MAP_PRIVATE|MAP_DENYWRITE, 3, 0) = 0x7fdf40990000 <0.000067>
406   13:33:19 [00007fdf40d77877] mprotect(0x7fdf40b54000, 2093056, PROT_NONE) = 0 <0.000054>
406   13:33:19 [00007fdf40d777da] mmap(0x7fdf40d53000, 24576, PROT_READ|PROT_WRITE, MAP_PRIVATE|MAP_FIXED|MAP_DENYWRITE, 3, 0x1c3000) = 0x7fdf40d53000 <0.000044>
406   13:33:19 [00007fdf40d777da] mmap(0x7fdf40d59000, 16896, PROT_READ|PROT_WRITE, MAP_PRIVATE|MAP_FIXED|MAP_ANONYMOUS, -1, 0) = 0x7fdf40d59000 <0.000054>
406   13:33:19 [00007fdf40d77787] close(3) = 0 <0.000052>
406   13:33:19 [00007fdf40d777da] mmap(NULL, 4096, PROT_READ|PROT_WRITE, MAP_PRIVATE|MAP_ANONYMOUS, -1, 0) = 0x7fdf40f79000 <0.000056>
406   13:33:19 [00007fdf40d777da] mmap(NULL, 8192, PROT_READ|PROT_WRITE, MAP_PRIVATE|MAP_ANONYMOUS, -1, 0) = 0x7fdf40f77000 <0.000036>
406   13:33:19 [00007fdf40d5eefd] arch_prctl(ARCH_SET_FS, 0x7fdf40f77740) = 0 <0.000064>
406   13:33:19 [00007fdf40a201e0] access("/etc/sysconfig/strcasecmp-nonascii", F_OK) = -1 ENOENT (No such file or directory) <0.000051>
406   13:33:19 [00007fdf40a224e0] access("/etc/sysconfig/strcasecmp-nonascii", F_OK) = -1 ENOENT (No such file or directory) <0.000054>
406   13:33:19 [00007fdf40d77877] mprotect(0x7fdf40d53000, 16384, PROT_READ) = 0 <0.000053>
406   13:33:19 [00007fdf40d77877] mprotect(0x600000, 4096, PROT_READ) = 0 <0.000072>
406   13:33:19 [00007fdf40d77877] mprotect(0x7fdf40f7f000, 4096, PROT_READ) = 0 <0.000074>
406   13:33:19 [00007fdf40d77857] munmap(0x7fdf40f7a000, 13257) = 0 <0.000069>
406   13:33:19 [00007fdf40a7f4b4] fstat(1, {st_mode=S_IFCHR|0620, st_rdev=makedev(136, 2), ...}) = 0 <0.000053>
406   13:33:19 [00007fdf40a88fca] mmap(NULL, 4096, PROT_READ|PROT_WRITE, MAP_PRIVATE|MAP_ANONYMOUS, -1, 0) = 0x7fdf40f7d000 <0.000037>
406   13:33:19 [00007fdf40a7fba0] write(1, "hello, world\r\n", 14) = 14 <0.000090>
406   13:33:19 [00007fdf40a55da9] exit_group(0) = ?
406   13:33:19 [????????????????] +++ exited with 0 +++
371   13:33:19 [00007f616b41c60c] <... wait4 resumed>[{WIFEXITED(s) && WEXITSTATUS(s) == 0}], WSTOPPED|WCONTINUED, NULL) = 406 <0.034544>
371   13:33:19 [00007f616b38d630] rt_sigprocmask(SIG_BLOCK, [CHLD TSTP TTIN TTOU], [CHLD], 8) = 0 <0.000050>
371   13:33:19 [00007f616b44c4a7] ioctl(255, TIOCSPGRP, [371]) = 0 <0.000037>
371   13:33:19 [00007f616b38d630] rt_sigprocmask(SIG_SETMASK, [CHLD], NULL, 8) = 0 <0.000047>
371   13:33:19 [00007f616b44bc09] ioctl(255, TCGETS, {B38400 opost isig icanon echo ...}) = 0 <0.000050>
371   13:33:19 [00007f616b44c4a7] ioctl(255, TIOCGWINSZ, {ws_row=30, ws_col=110, ws_xpixel=0, ws_ypixel=0}) = 0 <0.000063>
371   13:33:19 [00007f616b38d630] rt_sigprocmask(SIG_SETMASK, [], NULL, 8) = 0 <0.000066>
371   13:33:19 [00007f616b38d630] --- SIGCHLD {si_signo=SIGCHLD, si_code=CLD_EXITED, si_pid=406, si_uid=0, si_status=0, si_utime=0, si_stime=0} ---
371   13:33:19 [00007f616b41c60c] wait4(-1, 0x7ffe51ca9ad0, WNOHANG|WSTOPPED|WCONTINUED, NULL) = -1 ECHILD (No child processes) <0.000040>
371   13:33:19 [00007f616b38d409] rt_sigreturn({mask=[]}) = 0 <0.000059>
371   13:33:19 [00007f616b38d630] rt_sigprocmask(SIG_BLOCK, NULL, [], 8) = 0 <0.000045>
371   13:33:19 [00007f616b38d50d] rt_sigaction(SIGINT, {sa_handler=0x456bb0, sa_mask=[], sa_flags=SA_RESTORER, sa_restorer=0x7f616b38d400}, {sa_handler=0x456bb0, sa_mask=[], sa_flags=SA_RESTORER, sa_restorer=0x7f616b38d400}, 8) = 0 <0.000046>
371   13:33:19 [00007f616b38d630] rt_sigprocmask(SIG_BLOCK, NULL, [], 8) = 0 <0.000046>
371   13:33:19 [00007f616b446ba0] write(1, "\33]0;@1a5bfb688e13:/code/demo_linux_c/hello\7", 43) = 43 <0.000073>
371   13:33:19 [00007f616b446465] stat("/var/mail/root", 0x7ffe51ca9370) = -1 ENOENT (No such file or directory) <0.000033>
371   13:33:19 [00007f616b38d630] rt_sigprocmask(SIG_BLOCK, [CHLD TSTP TTIN TTOU], [], 8) = 0 <0.000043>
371   13:33:19 [00007f616b44c4a7] ioctl(255, TIOCSPGRP, [371]) = 0 <0.000046>
371   13:33:19 [00007f616b38d630] rt_sigprocmask(SIG_SETMASK, [], NULL, 8) = 0 <0.000046>
371   13:33:19 [00007f616b38d50d] rt_sigaction(SIGINT, {sa_handler=0x456bb0, sa_mask=[], sa_flags=SA_RESTORER, sa_restorer=0x7f616b38d400}, {sa_handler=0x456bb0, sa_mask=[], sa_flags=SA_RESTORER, sa_restorer=0x7f616b38d400}, 8) = 0 <0.000065>
371   13:33:19 [00007f616b38d630] rt_sigprocmask(SIG_BLOCK, [INT], [], 8) = 0 <0.000047>
371   13:33:19 [00007f616b44c4a7] ioctl(0, TIOCGWINSZ, {ws_row=30, ws_col=110, ws_xpixel=0, ws_ypixel=0}) = 0 <0.000054>
371   13:33:19 [00007f616b44c4a7] ioctl(0, TIOCSWINSZ, {ws_row=30, ws_col=110, ws_xpixel=0, ws_ypixel=0}) = 0 <0.000068>
371   13:33:19 [00007f616b44bc09] ioctl(0, TCGETS, {B38400 opost isig icanon echo ...}) = 0 <0.000068>
371   13:33:19 [00007f616b44bb1c] ioctl(0, SNDCTL_TMR_STOP or TCSETSW, {B38400 opost isig -icanon -echo ...}) = 0 <0.000088>
371   13:33:19 [00007f616b38d630] rt_sigprocmask(SIG_SETMASK, [], NULL, 8) = 0 <0.000045>
371   13:33:19 [00007f616b38d630] rt_sigprocmask(SIG_BLOCK, [INT QUIT ALRM TERM TSTP TTIN TTOU], [], 8) = 0 <0.000054>
371   13:33:19 [00007f616b38d50d] rt_sigaction(SIGINT, {sa_handler=0x49c420, sa_mask=[], sa_flags=SA_RESTORER, sa_restorer=0x7f616b38d400}, {sa_handler=0x456bb0, sa_mask=[], sa_flags=SA_RESTORER, sa_restorer=0x7f616b38d400}, 8) = 0 <0.000033>
371   13:33:19 [00007f616b38d50d] rt_sigaction(SIGTERM, {sa_handler=0x49c420, sa_mask=[], sa_flags=SA_RESTORER, sa_restorer=0x7f616b38d400}, {sa_handler=SIG_IGN, sa_mask=[], sa_flags=SA_RESTORER, sa_restorer=0x7f616b38d400}, 8) = 0 <0.000032>
371   13:33:19 [00007f616b38d50d] rt_sigaction(SIGTERM, {sa_handler=SIG_IGN, sa_mask=[], sa_flags=SA_RESTORER, sa_restorer=0x7f616b38d400}, {sa_handler=0x49c420, sa_mask=[], sa_flags=SA_RESTORER, sa_restorer=0x7f616b38d400}, 8) = 0 <0.000040>
371   13:33:19 [00007f616b38d50d] rt_sigaction(SIGQUIT, {sa_handler=0x49c420, sa_mask=[], sa_flags=SA_RESTORER, sa_restorer=0x7f616b38d400}, {sa_handler=SIG_IGN, sa_mask=[], sa_flags=SA_RESTORER, sa_restorer=0x7f616b38d400}, 8) = 0 <0.000070>
371   13:33:19 [00007f616b38d50d] rt_sigaction(SIGQUIT, {sa_handler=SIG_IGN, sa_mask=[], sa_flags=SA_RESTORER, sa_restorer=0x7f616b38d400}, {sa_handler=0x49c420, sa_mask=[], sa_flags=SA_RESTORER, sa_restorer=0x7f616b38d400}, 8) = 0 <0.000048>
371   13:33:19 [00007f616b38d50d] rt_sigaction(SIGALRM, {sa_handler=0x49c420, sa_mask=[], sa_flags=SA_RESTORER, sa_restorer=0x7f616b38d400}, {sa_handler=0x456da0, sa_mask=[HUP INT ILL TRAP ABRT BUS FPE USR1 SEGV USR2 PIPE ALRM TERM XCPU XFSZ VTALRM SYS], sa_flags=SA_RESTORER, sa_restorer=0x7f616b38d400}, 8) = 0 <0.000069>
371   13:33:19 [00007f616b38d50d] rt_sigaction(SIGTSTP, {sa_handler=0x49c420, sa_mask=[], sa_flags=SA_RESTORER, sa_restorer=0x7f616b38d400}, {sa_handler=SIG_IGN, sa_mask=[], sa_flags=SA_RESTORER, sa_restorer=0x7f616b38d400}, 8) = 0 <0.000082>
371   13:33:19 [00007f616b38d50d] rt_sigaction(SIGTSTP, {sa_handler=SIG_IGN, sa_mask=[], sa_flags=SA_RESTORER, sa_restorer=0x7f616b38d400}, {sa_handler=0x49c420, sa_mask=[], sa_flags=SA_RESTORER, sa_restorer=0x7f616b38d400}, 8) = 0 <0.000068>
371   13:33:19 [00007f616b38d50d] rt_sigaction(SIGTTOU, {sa_handler=0x49c420, sa_mask=[], sa_flags=SA_RESTORER, sa_restorer=0x7f616b38d400}, {sa_handler=SIG_IGN, sa_mask=[], sa_flags=SA_RESTORER, sa_restorer=0x7f616b38d400}, 8) = 0 <0.000068>
371   13:33:19 [00007f616b38d50d] rt_sigaction(SIGTTOU, {sa_handler=SIG_IGN, sa_mask=[], sa_flags=SA_RESTORER, sa_restorer=0x7f616b38d400}, {sa_handler=0x49c420, sa_mask=[], sa_flags=SA_RESTORER, sa_restorer=0x7f616b38d400}, 8) = 0 <0.000050>
371   13:33:19 [00007f616b38d50d] rt_sigaction(SIGTTIN, {sa_handler=0x49c420, sa_mask=[], sa_flags=SA_RESTORER, sa_restorer=0x7f616b38d400}, {sa_handler=SIG_IGN, sa_mask=[], sa_flags=SA_RESTORER, sa_restorer=0x7f616b38d400}, 8) = 0 <0.000066>
371   13:33:19 [00007f616b38d50d] rt_sigaction(SIGTTIN, {sa_handler=SIG_IGN, sa_mask=[], sa_flags=SA_RESTORER, sa_restorer=0x7f616b38d400}, {sa_handler=0x49c420, sa_mask=[], sa_flags=SA_RESTORER, sa_restorer=0x7f616b38d400}, 8) = 0 <0.000032>
371   13:33:19 [00007f616b38d630] rt_sigprocmask(SIG_SETMASK, [], NULL, 8) = 0 <0.000080>
371   13:33:19 [00007f616b38d50d] rt_sigaction(SIGWINCH, {sa_handler=0x49ba70, sa_mask=[], sa_flags=SA_RESTORER|SA_RESTART, sa_restorer=0x7f616b38d400}, {sa_handler=0x456740, sa_mask=[], sa_flags=SA_RESTORER, sa_restorer=0x7f616b38d400}, 8) = 0 <0.000039>
371   13:33:19 [00007f616b38d630] rt_sigprocmask(SIG_BLOCK, [INT], [], 8) = 0 <0.000050>
371   13:33:19 [00007f616b446ba0] write(2, "[root@1a5bfb688e13 hello]# ", 27) = 27 <0.000054>
371   13:33:19 [00007f616b38d630] rt_sigprocmask(SIG_SETMASK, [], NULL, 8) = 0 <0.000081>
371   13:33:19 [00007f616b38d630] rt_sigprocmask(SIG_BLOCK, NULL, [], 8) = 0 <0.000119>
371   13:33:19 [00007f616b446b40] read(0,  <detached ...>
