0000000000600e28 d _DYNAMIC
0000000000601000 d _GLOBAL_OFFSET_TABLE_
0000000000400660 R _IO_stdin_used
0000000000400810 r __FRAME_END__
00000000004006c4 r __GNU_EH_FRAME_HDR
0000000000600e20 d __JCR_END__
0000000000600e20 d __JCR_LIST__
0000000000601040 D __TMC_END__
000000000060103c B __bss_start
0000000000601030 D __data_start
00000000004004e0 t __do_global_dtors_aux
0000000000600e18 t __do_global_dtors_aux_fini_array_entry
0000000000400668 R __dso_handle
0000000000600e10 t __frame_dummy_init_array_entry
                 w __gmon_start__
0000000000600e18 t __init_array_end
0000000000600e10 t __init_array_start
0000000000400650 T __libc_csu_fini
00000000004005e0 T __libc_csu_init
                 U __libc_start_main@@GLIBC_2.2.5
000000000060103c D _edata
0000000000601048 B _end
0000000000400654 T _fini
00000000004003e0 T _init
0000000000400440 T _start
0000000000601034 D a
0000000000601044 B b
000000000060103c b completed.6355
0000000000601030 W data_start
0000000000400470 t deregister_tm_clones
0000000000400500 t frame_dummy
000000000040052d T func1
0000000000601038 d i.2184
0000000000601040 b j.2185
0000000000400557 T main
                 U printf@@GLIBC_2.2.5
00000000004004a0 t register_tm_clones
