
Symbol table '.dynsym' contains 4 entries:
   Num:    Value          Size Type    Bind   Vis      Ndx Name
     0: 0000000000000000     0 NOTYPE  LOCAL  DEFAULT  UND 
     1: 0000000000000000     0 FUNC    GLOBAL DEFAULT  UND printf@GLIBC_2.2.5 (2)
     2: 0000000000000000     0 FUNC    GLOBAL DEFAULT  UND __libc_start_main@GLIBC_2.2.5 (2)
     3: 0000000000000000     0 NOTYPE  WEAK   DEFAULT  UND __gmon_start__

Symbol table '.symtab' contains 73 entries:
   Num:    Value          Size Type    Bind   Vis      Ndx Name
     0: 0000000000000000     0 NOTYPE  LOCAL  DEFAULT  UND 
     1: 0000000000400238     0 SECTION LOCAL  DEFAULT    1 
     2: 0000000000400254     0 SECTION LOCAL  DEFAULT    2 
     3: 0000000000400274     0 SECTION LOCAL  DEFAULT    3 
     4: 0000000000400298     0 SECTION LOCAL  DEFAULT    4 
     5: 00000000004002b8     0 SECTION LOCAL  DEFAULT    5 
     6: 0000000000400318     0 SECTION LOCAL  DEFAULT    6 
     7: 0000000000400358     0 SECTION LOCAL  DEFAULT    7 
     8: 0000000000400360     0 SECTION LOCAL  DEFAULT    8 
     9: 0000000000400380     0 SECTION LOCAL  DEFAULT    9 
    10: 0000000000400398     0 SECTION LOCAL  DEFAULT   10 
    11: 00000000004003e0     0 SECTION LOCAL  DEFAULT   11 
    12: 0000000000400400     0 SECTION LOCAL  DEFAULT   12 
    13: 0000000000400440     0 SECTION LOCAL  DEFAULT   13 
    14: 0000000000400654     0 SECTION LOCAL  DEFAULT   14 
    15: 0000000000400660     0 SECTION LOCAL  DEFAULT   15 
    16: 00000000004006c4     0 SECTION LOCAL  DEFAULT   16 
    17: 0000000000400700     0 SECTION LOCAL  DEFAULT   17 
    18: 0000000000600e10     0 SECTION LOCAL  DEFAULT   18 
    19: 0000000000600e18     0 SECTION LOCAL  DEFAULT   19 
    20: 0000000000600e20     0 SECTION LOCAL  DEFAULT   20 
    21: 0000000000600e28     0 SECTION LOCAL  DEFAULT   21 
    22: 0000000000600ff8     0 SECTION LOCAL  DEFAULT   22 
    23: 0000000000601000     0 SECTION LOCAL  DEFAULT   23 
    24: 0000000000601030     0 SECTION LOCAL  DEFAULT   24 
    25: 000000000060103c     0 SECTION LOCAL  DEFAULT   25 
    26: 0000000000000000     0 SECTION LOCAL  DEFAULT   26 
    27: 0000000000000000     0 SECTION LOCAL  DEFAULT   27 
    28: 0000000000000000     0 SECTION LOCAL  DEFAULT   28 
    29: 0000000000000000     0 SECTION LOCAL  DEFAULT   29 
    30: 0000000000000000     0 SECTION LOCAL  DEFAULT   30 
    31: 0000000000000000     0 SECTION LOCAL  DEFAULT   31 
    32: 0000000000000000     0 FILE    LOCAL  DEFAULT  ABS crtstuff.c
    33: 0000000000600e20     0 OBJECT  LOCAL  DEFAULT   20 __JCR_LIST__
    34: 0000000000400470     0 FUNC    LOCAL  DEFAULT   13 deregister_tm_clones
    35: 00000000004004a0     0 FUNC    LOCAL  DEFAULT   13 register_tm_clones
    36: 00000000004004e0     0 FUNC    LOCAL  DEFAULT   13 __do_global_dtors_aux
    37: 000000000060103c     1 OBJECT  LOCAL  DEFAULT   25 completed.6355
    38: 0000000000600e18     0 OBJECT  LOCAL  DEFAULT   19 __do_global_dtors_aux_fin
    39: 0000000000400500     0 FUNC    LOCAL  DEFAULT   13 frame_dummy
    40: 0000000000600e10     0 OBJECT  LOCAL  DEFAULT   18 __frame_dummy_init_array_
    41: 0000000000000000     0 FILE    LOCAL  DEFAULT  ABS endian.c
    42: 0000000000601038     4 OBJECT  LOCAL  DEFAULT   24 i.2184
    43: 0000000000601040     4 OBJECT  LOCAL  DEFAULT   25 j.2185
    44: 0000000000000000     0 FILE    LOCAL  DEFAULT  ABS crtstuff.c
    45: 0000000000400810     0 OBJECT  LOCAL  DEFAULT   17 __FRAME_END__
    46: 0000000000600e20     0 OBJECT  LOCAL  DEFAULT   20 __JCR_END__
    47: 0000000000000000     0 FILE    LOCAL  DEFAULT  ABS 
    48: 0000000000600e18     0 NOTYPE  LOCAL  DEFAULT   18 __init_array_end
    49: 0000000000600e28     0 OBJECT  LOCAL  DEFAULT   21 _DYNAMIC
    50: 0000000000600e10     0 NOTYPE  LOCAL  DEFAULT   18 __init_array_start
    51: 00000000004006c4     0 NOTYPE  LOCAL  DEFAULT   16 __GNU_EH_FRAME_HDR
    52: 0000000000601000     0 OBJECT  LOCAL  DEFAULT   23 _GLOBAL_OFFSET_TABLE_
    53: 0000000000400650     2 FUNC    GLOBAL DEFAULT   13 __libc_csu_fini
    54: 000000000040052d    42 FUNC    GLOBAL DEFAULT   13 func1
    55: 0000000000601030     0 NOTYPE  WEAK   DEFAULT   24 data_start
    56: 0000000000601044     4 OBJECT  GLOBAL DEFAULT   25 b
    57: 000000000060103c     0 NOTYPE  GLOBAL DEFAULT   24 _edata
    58: 0000000000400654     0 FUNC    GLOBAL DEFAULT   14 _fini
    59: 0000000000000000     0 FUNC    GLOBAL DEFAULT  UND printf@@GLIBC_2.2.5
    60: 0000000000000000     0 FUNC    GLOBAL DEFAULT  UND __libc_start_main@@GLIBC_
    61: 0000000000601030     0 NOTYPE  GLOBAL DEFAULT   24 __data_start
    62: 0000000000000000     0 NOTYPE  WEAK   DEFAULT  UND __gmon_start__
    63: 0000000000400668     0 OBJECT  GLOBAL HIDDEN    15 __dso_handle
    64: 0000000000400660     4 OBJECT  GLOBAL DEFAULT   15 _IO_stdin_used
    65: 00000000004005e0   101 FUNC    GLOBAL DEFAULT   13 __libc_csu_init
    66: 0000000000601048     0 NOTYPE  GLOBAL DEFAULT   25 _end
    67: 0000000000400440     0 FUNC    GLOBAL DEFAULT   13 _start
    68: 0000000000601034     4 OBJECT  GLOBAL DEFAULT   24 a
    69: 000000000060103c     0 NOTYPE  GLOBAL DEFAULT   25 __bss_start
    70: 0000000000400557   124 FUNC    GLOBAL DEFAULT   13 main
    71: 0000000000601040     0 OBJECT  GLOBAL HIDDEN    24 __TMC_END__
    72: 00000000004003e0     0 FUNC    GLOBAL DEFAULT   11 _init
