There are 35 section headers, starting at offset 0x1d60:

Section Headers:
  [Nr] Name              Type             Address           Offset
       Size              EntSize          Flags  Link  Info  Align
  [ 0]                   NULL             0000000000000000  00000000
       0000000000000000  0000000000000000           0     0     0
  [ 1] .interp           PROGBITS         0000000000400238  00000238
       000000000000001c  0000000000000000   A       0     0     1
  [ 2] .note.ABI-tag     NOTE             0000000000400254  00000254
       0000000000000020  0000000000000000   A       0     0     4
  [ 3] .note.gnu.build-i NOTE             0000000000400274  00000274
       0000000000000024  0000000000000000   A       0     0     4
  [ 4] .gnu.hash         GNU_HASH         0000000000400298  00000298
       000000000000001c  0000000000000000   A       5     0     8
  [ 5] .dynsym           DYNSYM           00000000004002b8  000002b8
       0000000000000060  0000000000000018   A       6     1     8
  [ 6] .dynstr           STRTAB           0000000000400318  00000318
       000000000000003f  0000000000000000   A       0     0     1
  [ 7] .gnu.version      VERSYM           0000000000400358  00000358
       0000000000000008  0000000000000002   A       5     0     2
  [ 8] .gnu.version_r    VERNEED          0000000000400360  00000360
       0000000000000020  0000000000000000   A       6     1     8
  [ 9] .rela.dyn         RELA             0000000000400380  00000380
       0000000000000018  0000000000000018   A       5     0     8
  [10] .rela.plt         RELA             0000000000400398  00000398
       0000000000000048  0000000000000018  AI       5    23     8
  [11] .init             PROGBITS         00000000004003e0  000003e0
       000000000000001a  0000000000000000  AX       0     0     4
  [12] .plt              PROGBITS         0000000000400400  00000400
       0000000000000040  0000000000000010  AX       0     0     16
  [13] .text             PROGBITS         0000000000400440  00000440
       0000000000000212  0000000000000000  AX       0     0     16
  [14] .fini             PROGBITS         0000000000400654  00000654
       0000000000000009  0000000000000000  AX       0     0     4
  [15] .rodata           PROGBITS         0000000000400660  00000660
       0000000000000063  0000000000000000   A       0     0     8
  [16] .eh_frame_hdr     PROGBITS         00000000004006c4  000006c4
       000000000000003c  0000000000000000   A       0     0     4
  [17] .eh_frame         PROGBITS         0000000000400700  00000700
       0000000000000114  0000000000000000   A       0     0     8
  [18] .init_array       INIT_ARRAY       0000000000600e10  00000e10
       0000000000000008  0000000000000008  WA       0     0     8
  [19] .fini_array       FINI_ARRAY       0000000000600e18  00000e18
       0000000000000008  0000000000000008  WA       0     0     8
  [20] .jcr              PROGBITS         0000000000600e20  00000e20
       0000000000000008  0000000000000000  WA       0     0     8
  [21] .dynamic          DYNAMIC          0000000000600e28  00000e28
       00000000000001d0  0000000000000010  WA       6     0     8
  [22] .got              PROGBITS         0000000000600ff8  00000ff8
       0000000000000008  0000000000000008  WA       0     0     8
  [23] .got.plt          PROGBITS         0000000000601000  00001000
       0000000000000030  0000000000000008  WA       0     0     8
  [24] .data             PROGBITS         0000000000601030  00001030
       000000000000000c  0000000000000000  WA       0     0     4
  [25] .bss              NOBITS           000000000060103c  0000103c
       000000000000000c  0000000000000000  WA       0     0     4
  [26] .comment          PROGBITS         0000000000000000  0000103c
       000000000000002d  0000000000000001  MS       0     0     1
  [27] .debug_aranges    PROGBITS         0000000000000000  00001069
       0000000000000030  0000000000000000           0     0     1
  [28] .debug_info       PROGBITS         0000000000000000  00001099
       000000000000011c  0000000000000000           0     0     1
  [29] .debug_abbrev     PROGBITS         0000000000000000  000011b5
       000000000000008f  0000000000000000           0     0     1
  [30] .debug_line       PROGBITS         0000000000000000  00001244
       000000000000004d  0000000000000000           0     0     1
  [31] .debug_str        PROGBITS         0000000000000000  00001291
       00000000000000c5  0000000000000001  MS       0     0     1
  [32] .symtab           SYMTAB           0000000000000000  00001358
       00000000000006d8  0000000000000018          33    53     8
  [33] .strtab           STRTAB           0000000000000000  00001a30
       00000000000001e3  0000000000000000           0     0     1
  [34] .shstrtab         STRTAB           0000000000000000  00001c13
       0000000000000148  0000000000000000           0     0     1
Key to Flags:
  W (write), A (alloc), X (execute), M (merge), S (strings), I (info),
  L (link order), O (extra OS processing required), G (group), T (TLS),
  C (compressed), x (unknown), o (OS specific), E (exclude),
  l (large), p (processor specific)
