2222  [00007f060c91b8f4] pselect6(1, [0], NULL, NULL, NULL, {sigmask=[], sigsetsize=8}) = 1 (in [0]) <4.219516>
2222  [00007f060c914992] read(0, ".", 1) = 1 <0.000107>
2222  [00007f060c91b74d] pselect6(1, [0], NULL, [0], {tv_sec=0, tv_nsec=0}, NULL) = 0 (Timeout) <0.000100>
2222  [00007f060c914a37] write(2, ".", 1) = 1 <0.000098>
2222  [00007f060c91b8f4] pselect6(1, [0], NULL, NULL, NULL, {sigmask=[], sigsetsize=8}) = 1 (in [0]) <0.269215>
2222  [00007f060c914992] read(0, "/", 1) = 1 <0.000736>
2222  [00007f060c91b74d] pselect6(1, [0], NULL, [0], {tv_sec=0, tv_nsec=0}, NULL) = 0 (Timeout) <0.000152>
2222  [00007f060c914a37] write(2, "/", 1) = 1 <0.000115>
2222  [00007f060c91b8f4] pselect6(1, [0], NULL, NULL, NULL, {sigmask=[], sigsetsize=8}) = 1 (in [0]) <0.627073>
2222  [00007f060c914992] read(0, "h", 1) = 1 <0.000138>
2222  [00007f060c91b74d] pselect6(1, [0], NULL, [0], {tv_sec=0, tv_nsec=0}, NULL) = 0 (Timeout) <0.000171>
2222  [00007f060c914a37] write(2, "h", 1) = 1 <0.000130>
2222  [00007f060c91b8f4] pselect6(1, [0], NULL, NULL, NULL, {sigmask=[], sigsetsize=8}) = 1 (in [0]) <0.317930>
2222  [00007f060c914992] read(0, "e", 1) = 1 <0.000115>
2222  [00007f060c91b74d] pselect6(1, [0], NULL, [0], {tv_sec=0, tv_nsec=0}, NULL) = 0 (Timeout) <0.000112>
2222  [00007f060c914a37] write(2, "e", 1) = 1 <0.000086>
2222  [00007f060c91b8f4] pselect6(1, [0], NULL, NULL, NULL, {sigmask=[], sigsetsize=8}) = 1 (in [0]) <0.470763>
2222  [00007f060c914992] read(0, "l", 1) = 1 <0.000242>
2222  [00007f060c91b74d] pselect6(1, [0], NULL, [0], {tv_sec=0, tv_nsec=0}, NULL) = 0 (Timeout) <0.000800>
2222  [00007f060c914a37] write(2, "l", 1) = 1 <0.000173>
2222  [00007f060c91b8f4] pselect6(1, [0], NULL, NULL, NULL, {sigmask=[], sigsetsize=8}) = 1 (in [0]) <0.159309>
2222  [00007f060c914992] read(0, "l", 1) = 1 <0.000102>
2222  [00007f060c91b74d] pselect6(1, [0], NULL, [0], {tv_sec=0, tv_nsec=0}, NULL) = 0 (Timeout) <0.000079>
2222  [00007f060c914a37] write(2, "l", 1) = 1 <0.000107>
2222  [00007f060c91b8f4] pselect6(1, [0], NULL, NULL, NULL, {sigmask=[], sigsetsize=8}) = 1 (in [0]) <0.250465>
2222  [00007f060c914992] read(0, "o", 1) = 1 <0.000095>
2222  [00007f060c91b74d] pselect6(1, [0], NULL, [0], {tv_sec=0, tv_nsec=0}, NULL) = 0 (Timeout) <0.000095>
2222  [00007f060c914a37] write(2, "o", 1) = 1 <0.000104>
2222  [00007f060c91b8f4] pselect6(1, [0], NULL, NULL, NULL, {sigmask=[], sigsetsize=8}) = 1 (in [0]) <1.117932>
2222  [00007f060c914992] read(0, "_", 1) = 1 <0.000158>
2222  [00007f060c91b74d] pselect6(1, [0], NULL, [0], {tv_sec=0, tv_nsec=0}, NULL) = 0 (Timeout) <0.000080>
2222  [00007f060c914a37] write(2, "_", 1) = 1 <0.000185>
2222  [00007f060c91b8f4] pselect6(1, [0], NULL, NULL, NULL, {sigmask=[], sigsetsize=8}) = 1 (in [0]) <0.584078>
2222  [00007f060c914992] read(0, "w", 1) = 1 <0.000154>
2222  [00007f060c91b74d] pselect6(1, [0], NULL, [0], {tv_sec=0, tv_nsec=0}, NULL) = 0 (Timeout) <0.000139>
2222  [00007f060c914a37] write(2, "w", 1) = 1 <0.000100>
2222  [00007f060c91b8f4] pselect6(1, [0], NULL, NULL, NULL, {sigmask=[], sigsetsize=8}) = 1 (in [0]) <0.167527>
2222  [00007f060c914992] read(0, "o", 1) = 1 <0.000094>
2222  [00007f060c91b74d] pselect6(1, [0], NULL, [0], {tv_sec=0, tv_nsec=0}, NULL) = 0 (Timeout) <0.000079>
2222  [00007f060c914a37] write(2, "o", 1) = 1 <0.000120>
2222  [00007f060c91b8f4] pselect6(1, [0], NULL, NULL, NULL, {sigmask=[], sigsetsize=8}) = 1 (in [0]) <0.245636>
2222  [00007f060c914992] read(0, "r", 1) = 1 <0.000100>
2222  [00007f060c91b74d] pselect6(1, [0], NULL, [0], {tv_sec=0, tv_nsec=0}, NULL) = 0 (Timeout) <0.000095>
2222  [00007f060c914a37] write(2, "r", 1) = 1 <0.000130>
2222  [00007f060c91b8f4] pselect6(1, [0], NULL, NULL, NULL, {sigmask=[], sigsetsize=8}) = 1 (in [0]) <0.241031>
2222  [00007f060c914992] read(0, "l", 1) = 1 <0.001022>
2222  [00007f060c91b74d] pselect6(1, [0], NULL, [0], {tv_sec=0, tv_nsec=0}, NULL) = 0 (Timeout) <0.000773>
2222  [00007f060c914a37] write(2, "l", 1) = 1 <0.000232>
2222  [00007f060c91b8f4] pselect6(1, [0], NULL, NULL, NULL, {sigmask=[], sigsetsize=8}) = 1 (in [0]) <0.299754>
2222  [00007f060c914992] read(0, "d", 1) = 1 <0.000092>
2222  [00007f060c91b74d] pselect6(1, [0], NULL, [0], {tv_sec=0, tv_nsec=0}, NULL) = 0 (Timeout) <0.000104>
2222  [00007f060c914a37] write(2, "d", 1) = 1 <0.000124>
2222  [00007f060c91b8f4] pselect6(1, [0], NULL, NULL, NULL, {sigmask=[], sigsetsize=8}) = 1 (in [0]) <0.381239>
2222  [00007f060c914992] read(0, ".", 1) = 1 <0.000097>
2222  [00007f060c91b74d] pselect6(1, [0], NULL, [0], {tv_sec=0, tv_nsec=0}, NULL) = 0 (Timeout) <0.000161>
2222  [00007f060c914a37] write(2, ".", 1) = 1 <0.000131>
2222  [00007f060c91b8f4] pselect6(1, [0], NULL, NULL, NULL, {sigmask=[], sigsetsize=8}) = 1 (in [0]) <0.785274>
2222  [00007f060c914992] read(0, "e", 1) = 1 <0.000114>
2222  [00007f060c91b74d] pselect6(1, [0], NULL, [0], {tv_sec=0, tv_nsec=0}, NULL) = 0 (Timeout) <0.000082>
2222  [00007f060c914a37] write(2, "e", 1) = 1 <0.000103>
2222  [00007f060c91b8f4] pselect6(1, [0], NULL, NULL, NULL, {sigmask=[], sigsetsize=8}) = 1 (in [0]) <0.142288>
2222  [00007f060c914992] read(0, "l", 1) = 1 <0.000143>
2222  [00007f060c91b74d] pselect6(1, [0], NULL, [0], {tv_sec=0, tv_nsec=0}, NULL) = 0 (Timeout) <0.000149>
2222  [00007f060c914a37] write(2, "l", 1) = 1 <0.000091>
2222  [00007f060c91b8f4] pselect6(1, [0], NULL, NULL, NULL, {sigmask=[], sigsetsize=8}) = 1 (in [0]) <0.189219>
2222  [00007f060c914992] read(0, "f", 1) = 1 <0.000104>
2222  [00007f060c91b74d] pselect6(1, [0], NULL, [0], {tv_sec=0, tv_nsec=0}, NULL) = 0 (Timeout) <0.000080>
2222  [00007f060c914a37] write(2, "f", 1) = 1 <0.000098>
2222  [00007f060c91b8f4] pselect6(1, [0], NULL, NULL, NULL, {sigmask=[], sigsetsize=8}) = 1 (in [0]) <0.476991>
2222  [00007f060c914992] read(0, "\r", 1) = 1 <0.000130>
2222  [00007f060c914a37] write(2, "\n", 1) = 1 <0.000110>
2222  [00007f060c914a37] write(2, "\33[?2004l\r", 9) = 9 <0.000101>
2222  [00007f060c919f11] ioctl(0, TCGETS, {B38400 opost isig -icanon -echo ...}) = 0 <0.000078>
2222  [00007f060c919f95] ioctl(0, SNDCTL_TMR_STOP or TCSETSW, {B38400 opost isig icanon echo ...}) = 0 <0.000089>
2222  [00007f060c919fbd] ioctl(0, TCGETS, {B38400 opost isig icanon echo ...}) = 0 <0.000085>
2222  [00007f060c8425f3] rt_sigaction(SIGINT, {sa_handler=0x5595c0e5e030, sa_mask=[], sa_flags=SA_RESTORER, sa_restorer=0x7f060c842520}, {sa_handler=0x5595c0ebf9c0, sa_mask=[], sa_flags=SA_RESTORER, sa_restorer=0x7f060c842520}, 8) = 0 <0.000075>
2222  [00007f060c8425f3] rt_sigaction(SIGHUP, {sa_handler=0x5595c0e5e410, sa_mask=[HUP INT ILL TRAP ABRT BUS FPE USR1 SEGV USR2 PIPE ALRM TERM XCPU XFSZ VTALRM SYS], sa_flags=SA_RESTORER, sa_restorer=0x7f060c842520}, {sa_handler=0x5595c0ebf9c0, sa_mask=[], sa_flags=SA_RESTORER, sa_restorer=0x7f060c842520}, 8) = 0 <0.000075>
2222  [00007f060c8425f3] rt_sigaction(SIGALRM, {sa_handler=0x5595c0e5e410, sa_mask=[HUP INT ILL TRAP ABRT BUS FPE USR1 SEGV USR2 PIPE ALRM TERM XCPU XFSZ VTALRM SYS], sa_flags=SA_RESTORER, sa_restorer=0x7f060c842520}, {sa_handler=0x5595c0ebf9c0, sa_mask=[], sa_flags=SA_RESTORER, sa_restorer=0x7f060c842520}, 8) = 0 <0.000084>
2222  [00007f060c8425f3] rt_sigaction(SIGWINCH, {sa_handler=0x5595c0e5c1e0, sa_mask=[], sa_flags=SA_RESTORER|SA_RESTART, sa_restorer=0x7f060c842520}, {sa_handler=0x5595c0ebf9d0, sa_mask=[], sa_flags=SA_RESTORER|SA_RESTART, sa_restorer=0x7f060c842520}, 8) = 0 <0.000083>
2222  [00007f060c8425f3] rt_sigaction(SIGINT, {sa_handler=0x5595c0e5e030, sa_mask=[], sa_flags=SA_RESTORER, sa_restorer=0x7f060c842520}, {sa_handler=0x5595c0e5e030, sa_mask=[], sa_flags=SA_RESTORER, sa_restorer=0x7f060c842520}, 8) = 0 <0.000079>
2222  [00007f060c89bc9b] rt_sigprocmask(SIG_BLOCK, NULL, [], 8) = 0 <0.000081>
2222  [00007f060c89bc9b] rt_sigprocmask(SIG_BLOCK, [INT TERM CHLD], [], 8) = 0 <0.000111>
2222  [00007f060c8425f3] rt_sigaction(SIGTERM, {sa_handler=SIG_DFL, sa_mask=[], sa_flags=SA_RESTORER, sa_restorer=0x7f060c842520}, {sa_handler=SIG_IGN, sa_mask=[], sa_flags=SA_RESTORER, sa_restorer=0x7f060c842520}, 8) = 0 <0.000075>
2222  [00007f060c91522d] pipe2([3, 4], 0) = 0 <0.000120>
2222  [00007f060c8eabc7] clone(child_stack=NULL, flags=CLONE_CHILD_CLEARTID|CLONE_CHILD_SETTID|SIGCHLD <unfinished ...>
3579  [00007f060c8eac02] set_robust_list(0x7f060cb82a20, 24 <unfinished ...>
2222  [00007f060c8eabc7] <... clone resumed>, child_tidptr=0x7f060cb82a10) = 3579 <0.000430>
3579  [00007f060c8eac02] <... set_robust_list resumed>) = 0 <0.000092>
2222  [00007f060c8425f3] rt_sigaction(SIGTERM, {sa_handler=SIG_IGN, sa_mask=[], sa_flags=SA_RESTORER, sa_restorer=0x7f060c842520},  <unfinished ...>
3579  [00007f060c8ec0bb] getpid( <unfinished ...>
2222  [00007f060c8425f3] <... rt_sigaction resumed>{sa_handler=SIG_DFL, sa_mask=[], sa_flags=SA_RESTORER, sa_restorer=0x7f060c842520}, 8) = 0 <0.000085>
3579  [00007f060c8ec0bb] <... getpid resumed>) = 3579 <0.000093>
2222  [00007f060c8ec37b] setpgid(3579, 3579 <unfinished ...>
3579  [00007f060c89bc9b] rt_sigprocmask(SIG_SETMASK, [],  <unfinished ...>
2222  [00007f060c8ec37b] <... setpgid resumed>) = 0 <0.000093>
3579  [00007f060c89bc9b] <... rt_sigprocmask resumed>NULL, 8) = 0 <0.000089>
2222  [00007f060c89bc9b] rt_sigprocmask(SIG_SETMASK, [],  <unfinished ...>
3579  [00007f060c8425f3] rt_sigaction(SIGTSTP, {sa_handler=SIG_DFL, sa_mask=[], sa_flags=SA_RESTORER, sa_restorer=0x7f060c842520},  <unfinished ...>
2222  [00007f060c89bc9b] <... rt_sigprocmask resumed>NULL, 8) = 0 <0.000089>
3579  [00007f060c8425f3] <... rt_sigaction resumed>{sa_handler=SIG_IGN, sa_mask=[], sa_flags=SA_RESTORER, sa_restorer=0x7f060c842520}, 8) = 0 <0.000084>
2222  [00007f060c89bc9b] rt_sigprocmask(SIG_BLOCK, [CHLD],  <unfinished ...>
3579  [00007f060c8425f3] rt_sigaction(SIGTTIN, {sa_handler=SIG_DFL, sa_mask=[], sa_flags=SA_RESTORER, sa_restorer=0x7f060c842520},  <unfinished ...>
2222  [00007f060c89bc9b] <... rt_sigprocmask resumed>[], 8) = 0 <0.000095>
3579  [00007f060c8425f3] <... rt_sigaction resumed>{sa_handler=SIG_IGN, sa_mask=[], sa_flags=SA_RESTORER, sa_restorer=0x7f060c842520}, 8) = 0 <0.000089>
2222  [00007f060c915117] close(3 <unfinished ...>
3579  [00007f060c8425f3] rt_sigaction(SIGTTOU, {sa_handler=SIG_DFL, sa_mask=[], sa_flags=SA_RESTORER, sa_restorer=0x7f060c842520},  <unfinished ...>
2222  [00007f060c915117] <... close resumed>) = 0 <0.000087>
3579  [00007f060c8425f3] <... rt_sigaction resumed>{sa_handler=SIG_IGN, sa_mask=[], sa_flags=SA_RESTORER, sa_restorer=0x7f060c842520}, 8) = 0 <0.000137>
2222  [00007f060c915117] close(4 <unfinished ...>
3579  [00007f060c8ec37b] setpgid(3579, 3579 <unfinished ...>
2222  [00007f060c915117] <... close resumed>) = 0 <0.000084>
3579  [00007f060c8ec37b] <... setpgid resumed>) = 0 <0.000096>
2222  [00007f060c91aaff] ioctl(255, TIOCGPGRP <unfinished ...>
3579  [00007f060c89bc9b] rt_sigprocmask(SIG_BLOCK, [CHLD TSTP TTIN TTOU],  <unfinished ...>
2222  [00007f060c91aaff] <... ioctl resumed>, [2222]) = 0 <0.000086>
3579  [00007f060c89bc9b] <... rt_sigprocmask resumed>[], 8) = 0 <0.000102>
2222  [00007f060c89bc9b] rt_sigprocmask(SIG_BLOCK, [CHLD TSTP TTIN TTOU],  <unfinished ...>
3579  [00007f060c91aaff] ioctl(255, TIOCSPGRP, [3579] <unfinished ...>
2222  [00007f060c89bc9b] <... rt_sigprocmask resumed>[CHLD], 8) = 0 <0.000112>
3579  [00007f060c91aaff] <... ioctl resumed>) = 0 <0.000561>
3579  [00007f060c89bc9b] rt_sigprocmask(SIG_SETMASK, [],  <unfinished ...>
2222  [00007f060c91aaff] ioctl(255, TIOCSPGRP, [3579] <unfinished ...>
3579  [00007f060c89bc9b] <... rt_sigprocmask resumed>NULL, 8) = 0 <0.000162>
2222  [00007f060c91aaff] <... ioctl resumed>) = 0 <0.000125>
3579  [00007f060c915117] close(4 <unfinished ...>
2222  [00007f060c89bc9b] rt_sigprocmask(SIG_SETMASK, [CHLD],  <unfinished ...>
3579  [00007f060c915117] <... close resumed>) = 0 <0.000099>
2222  [00007f060c89bc9b] <... rt_sigprocmask resumed>NULL, 8) = 0 <0.000090>
3579  [00007f060c914992] read(3,  <unfinished ...>
2222  [00007f060c89bc9b] rt_sigprocmask(SIG_SETMASK, [],  <unfinished ...>
3579  [00007f060c914992] <... read resumed>"", 1) = 0 <0.000095>
2222  [00007f060c89bc9b] <... rt_sigprocmask resumed>NULL, 8) = 0 <0.000090>
3579  [00007f060c915117] close(3 <unfinished ...>
2222  [00007f060c89bc9b] rt_sigprocmask(SIG_BLOCK, [CHLD],  <unfinished ...>
3579  [00007f060c915117] <... close resumed>) = 0 <0.000102>
2222  [00007f060c89bc9b] <... rt_sigprocmask resumed>[], 8) = 0 <0.000172>
3579  [00007f060c8425f3] rt_sigaction(SIGHUP, {sa_handler=SIG_DFL, sa_mask=[], sa_flags=SA_RESTORER, sa_restorer=0x7f060c842520},  <unfinished ...>
2222  [00007f060c8ea45a] wait4(-1,  <unfinished ...>
3579  [00007f060c8425f3] <... rt_sigaction resumed>NULL, 8) = 0 <0.000087>
3579  [00007f060c8425f3] rt_sigaction(SIGILL, {sa_handler=SIG_DFL, sa_mask=[], sa_flags=SA_RESTORER, sa_restorer=0x7f060c842520}, NULL, 8) = 0 <0.000005>
3579  [00007f060c8425f3] rt_sigaction(SIGTRAP, {sa_handler=SIG_DFL, sa_mask=[], sa_flags=SA_RESTORER, sa_restorer=0x7f060c842520}, NULL, 8) = 0 <0.000075>
3579  [00007f060c8425f3] rt_sigaction(SIGABRT, {sa_handler=SIG_DFL, sa_mask=[], sa_flags=SA_RESTORER, sa_restorer=0x7f060c842520}, NULL, 8) = 0 <0.000009>
3579  [00007f060c8425f3] rt_sigaction(SIGFPE, {sa_handler=SIG_DFL, sa_mask=[], sa_flags=SA_RESTORER, sa_restorer=0x7f060c842520}, NULL, 8) = 0 <0.000008>
3579  [00007f060c8425f3] rt_sigaction(SIGBUS, {sa_handler=SIG_DFL, sa_mask=[], sa_flags=SA_RESTORER, sa_restorer=0x7f060c842520}, NULL, 8) = 0 <0.000080>
3579  [00007f060c8425f3] rt_sigaction(SIGSEGV, {sa_handler=SIG_DFL, sa_mask=[], sa_flags=SA_RESTORER, sa_restorer=0x7f060c842520}, NULL, 8) = 0 <0.000084>
3579  [00007f060c8425f3] rt_sigaction(SIGSYS, {sa_handler=SIG_DFL, sa_mask=[], sa_flags=SA_RESTORER, sa_restorer=0x7f060c842520}, NULL, 8) = 0 <0.000365>
3579  [00007f060c8425f3] rt_sigaction(SIGPIPE, {sa_handler=SIG_DFL, sa_mask=[], sa_flags=SA_RESTORER, sa_restorer=0x7f060c842520}, NULL, 8) = 0 <0.000086>
3579  [00007f060c8425f3] rt_sigaction(SIGALRM, {sa_handler=SIG_DFL, sa_mask=[], sa_flags=SA_RESTORER, sa_restorer=0x7f060c842520}, NULL, 8) = 0 <0.000081>
3579  [00007f060c8425f3] rt_sigaction(SIGXCPU, {sa_handler=SIG_DFL, sa_mask=[], sa_flags=SA_RESTORER, sa_restorer=0x7f060c842520}, NULL, 8) = 0 <0.000131>
3579  [00007f060c8425f3] rt_sigaction(SIGXFSZ, {sa_handler=SIG_DFL, sa_mask=[], sa_flags=SA_RESTORER, sa_restorer=0x7f060c842520}, NULL, 8) = 0 <0.000050>
3579  [00007f060c8425f3] rt_sigaction(SIGVTALRM, {sa_handler=SIG_DFL, sa_mask=[], sa_flags=SA_RESTORER, sa_restorer=0x7f060c842520}, NULL, 8) = 0 <0.000082>
3579  [00007f060c8425f3] rt_sigaction(SIGUSR1, {sa_handler=SIG_DFL, sa_mask=[], sa_flags=SA_RESTORER, sa_restorer=0x7f060c842520}, NULL, 8) = 0 <0.000079>
3579  [00007f060c8425f3] rt_sigaction(SIGUSR2, {sa_handler=SIG_DFL, sa_mask=[], sa_flags=SA_RESTORER, sa_restorer=0x7f060c842520}, NULL, 8) = 0 <0.000147>
3579  [00007f060c8425f3] rt_sigaction(SIGINT, {sa_handler=SIG_DFL, sa_mask=[], sa_flags=SA_RESTORER, sa_restorer=0x7f060c842520}, {sa_handler=0x5595c0e5e030, sa_mask=[], sa_flags=SA_RESTORER, sa_restorer=0x7f060c842520}, 8) = 0 <0.000091>
3579  [00007f060c8425f3] rt_sigaction(SIGQUIT, {sa_handler=SIG_DFL, sa_mask=[], sa_flags=SA_RESTORER, sa_restorer=0x7f060c842520}, {sa_handler=SIG_IGN, sa_mask=[], sa_flags=SA_RESTORER, sa_restorer=0x7f060c842520}, 8) = 0 <0.000085>
3579  [00007f060c8425f3] rt_sigaction(SIGTERM, {sa_handler=SIG_DFL, sa_mask=[], sa_flags=SA_RESTORER, sa_restorer=0x7f060c842520}, {sa_handler=SIG_DFL, sa_mask=[], sa_flags=SA_RESTORER, sa_restorer=0x7f060c842520}, 8) = 0 <0.000205>
3579  [00007f060c8425f3] rt_sigaction(SIGCHLD, {sa_handler=SIG_DFL, sa_mask=[], sa_flags=SA_RESTORER|SA_RESTART, sa_restorer=0x7f060c842520}, {sa_handler=0x5595c0e31d10, sa_mask=[], sa_flags=SA_RESTORER|SA_RESTART, sa_restorer=0x7f060c842520}, 8) = 0 <0.000147>
3579  [00007f060c8eb0fb] execve("./hello_world.elf", ["./hello_world.elf"], 0x5595c15c1ed0 /* 55 vars */) = 0 <0.009663>
3579  [00007f02afc16aab] brk(NULL)      = 0x55a322885000 <0.000006>
3579  [00007f02afc0acf7] arch_prctl(0x3001 /* ARCH_??? */, 0x7ffc9a8c98b0) = -1 EINVAL (Invalid argument) <0.000006>
3579  [00007f02afc17cd7] mmap(NULL, 8192, PROT_READ|PROT_WRITE, MAP_PRIVATE|MAP_ANONYMOUS, -1, 0) = 0x7f02afbef000 <0.000009>
3579  [00007f02afc179cb] access("/etc/ld.so.preload", R_OK) = -1 ENOENT (No such file or directory) <0.000019>
3579  [00007f02afc17b38] openat(AT_FDCWD, "/etc/ld.so.cache", O_RDONLY|O_CLOEXEC) = 3 <0.000016>
3579  [00007f02afc178fe] newfstatat(3, "", {st_mode=S_IFREG|0644, st_size=58527, ...}, AT_EMPTY_PATH) = 0 <0.000010>
3579  [00007f02afc17cd7] mmap(NULL, 58527, PROT_READ, MAP_PRIVATE, 3, 0) = 0x7f02afbe0000 <0.000012>
3579  [00007f02afc179fb] close(3)       = 0 <0.000009>
3579  [00007f02afc17b38] openat(AT_FDCWD, "/lib/x86_64-linux-gnu/libc.so.6", O_RDONLY|O_CLOEXEC) = 3 <0.000014>
3579  [00007f02afc17b88] read(3, "\177ELF\2\1\1\3\0\0\0\0\0\0\0\0\3\0>\0\1\0\0\0P\237\2\0\0\0\0\0@\0\0\0\0\0\0\0\360\300!\0\0\0\0\0\0\0\0\0@\08\0\16\0@\0B\0A\0\6\0\0\0\4\0\0\0@\0\0\0\0\0\0\0@\0\0\0\0\0\0\0@\0\0\0\0\0\0\0\20\3\0\0\0\0\0\0\20\3\0\0\0\0\0\0\10\0\0\0\0\0\0\0\3\0\0\0\4\0\0\0000>\36\0\0\0\0\0000>\36\0\0\0\0\0000>\36\0\0\0\0\0\34\0\0\0\0\0\0\0\34\0\0\0\0\0\0\0\20\0\0\0\0\0\0\0\1\0\0\0\4\0\0\0\0\0\0\0\0\0\0\0\0\0\0\0\0\0\0\0\0\0\0\0\0\0\0\0\340\177\2\0\0\0\0\0\340\177\2\0\0\0\0\0\0\20\0\0\0\0\0\0\1\0\0\0\5\0\0\0\0\200\2\0\0\0\0\0\0\200\2\0\0\0\0\0\0\200\2\0\0\0\0\0\301D\31\0\0\0\0\0\301D\31\0\0\0\0\0\0\20\0\0\0\0\0\0\1\0\0\0\4\0\0\0\0\320\33\0\0\0\0\0\0\320\33\0\0\0\0\0\0\320\33\0\0\0\0\0\314x\5\0\0\0\0\0\314x\5\0\0\0\0\0\0\20\0\0\0\0\0\0\1\0\0\0\6\0\0\0\360H!\0\0\0\0\0\360X!\0\0\0\0\0\360X!\0\0\0\0\0\230O\0\0\0\0\0\0`%\1\0\0\0\0\0\0\20\0\0\0\0\0\0\2\0\0\0\6\0\0\0\300{!\0\0\0\0\0\300\213!\0\0\0\0\0\300\213!\0\0\0\0\0\320\1\0\0\0\0\0\0\320\1\0\0\0\0\0\0\10\0\0\0\0\0\0\0\4\0\0\0\4\0\0\0P\3\0\0\0\0\0\0P\3\0\0\0\0\0\0P\3\0\0\0\0\0\0000\0\0\0\0\0\0\0000\0\0\0\0\0\0\0\10\0\0\0\0\0\0\0\4\0\0\0\4\0\0\0\200\3\0\0\0\0\0\0\200\3\0\0\0\0\0\0\200\3\0\0\0\0\0\0D\0\0\0\0\0\0\0D\0\0\0\0\0\0\0\4\0\0\0\0\0\0\0\7\0\0\0\4\0\0\0\360H!\0\0\0\0\0\360X!\0\0\0\0\0\360X!\0\0\0\0\0\20\0\0\0\0\0\0\0\220\0\0\0\0\0\0\0\10\0\0\0\0\0\0\0S\345td\4\0\0\0P\3\0\0\0\0\0\0P\3\0\0\0\0\0\0P\3\0\0\0\0\0\0000\0\0\0\0\0\0\0000\0\0\0\0\0\0\0\10\0\0\0\0\0\0\0P\345td\4\0\0\0L>\36\0\0\0\0\0L>\36\0\0\0\0\0L>\36\0\0\0\0\0\314p\0\0\0\0\0\0\314p\0\0\0\0\0\0\4\0\0\0\0\0\0\0Q\345td\6\0\0\0\0\0\0\0\0\0\0\0\0\0\0\0\0\0\0\0\0\0\0\0\0\0\0\0\0\0\0\0\0\0\0\0\0\0\0\0\0\0\0\0\20\0\0\0\0\0\0\0R\345td\4\0\0\0\360H!\0\0\0\0\0\360X!\0\0\0\0\0\360X!\0\0\0\0\0\0207\0\0\0\0\0\0", 832) = 832 <0.000015>
3579  [00007f02afc17bbe] pread64(3, "\6\0\0\0\4\0\0\0@\0\0\0\0\0\0\0@\0\0\0\0\0\0\0@\0\0\0\0\0\0\0\20\3\0\0\0\0\0\0\20\3\0\0\0\0\0\0\10\0\0\0\0\0\0\0\3\0\0\0\4\0\0\0000>\36\0\0\0\0\0000>\36\0\0\0\0\0000>\36\0\0\0\0\0\34\0\0\0\0\0\0\0\34\0\0\0\0\0\0\0\20\0\0\0\0\0\0\0\1\0\0\0\4\0\0\0\0\0\0\0\0\0\0\0\0\0\0\0\0\0\0\0\0\0\0\0\0\0\0\0\340\177\2\0\0\0\0\0\340\177\2\0\0\0\0\0\0\20\0\0\0\0\0\0\1\0\0\0\5\0\0\0\0\200\2\0\0\0\0\0\0\200\2\0\0\0\0\0\0\200\2\0\0\0\0\0\301D\31\0\0\0\0\0\301D\31\0\0\0\0\0\0\20\0\0\0\0\0\0\1\0\0\0\4\0\0\0\0\320\33\0\0\0\0\0\0\320\33\0\0\0\0\0\0\320\33\0\0\0\0\0\314x\5\0\0\0\0\0\314x\5\0\0\0\0\0\0\20\0\0\0\0\0\0\1\0\0\0\6\0\0\0\360H!\0\0\0\0\0\360X!\0\0\0\0\0\360X!\0\0\0\0\0\230O\0\0\0\0\0\0`%\1\0\0\0\0\0\0\20\0\0\0\0\0\0\2\0\0\0\6\0\0\0\300{!\0\0\0\0\0\300\213!\0\0\0\0\0\300\213!\0\0\0\0\0\320\1\0\0\0\0\0\0\320\1\0\0\0\0\0\0\10\0\0\0\0\0\0\0\4\0\0\0\4\0\0\0P\3\0\0\0\0\0\0P\3\0\0\0\0\0\0P\3\0\0\0\0\0\0000\0\0\0\0\0\0\0000\0\0\0\0\0\0\0\10\0\0\0\0\0\0\0\4\0\0\0\4\0\0\0\200\3\0\0\0\0\0\0\200\3\0\0\0\0\0\0\200\3\0\0\0\0\0\0D\0\0\0\0\0\0\0D\0\0\0\0\0\0\0\4\0\0\0\0\0\0\0\7\0\0\0\4\0\0\0\360H!\0\0\0\0\0\360X!\0\0\0\0\0\360X!\0\0\0\0\0\20\0\0\0\0\0\0\0\220\0\0\0\0\0\0\0\10\0\0\0\0\0\0\0S\345td\4\0\0\0P\3\0\0\0\0\0\0P\3\0\0\0\0\0\0P\3\0\0\0\0\0\0000\0\0\0\0\0\0\0000\0\0\0\0\0\0\0\10\0\0\0\0\0\0\0P\345td\4\0\0\0L>\36\0\0\0\0\0L>\36\0\0\0\0\0L>\36\0\0\0\0\0\314p\0\0\0\0\0\0\314p\0\0\0\0\0\0\4\0\0\0\0\0\0\0Q\345td\6\0\0\0\0\0\0\0\0\0\0\0\0\0\0\0\0\0\0\0\0\0\0\0\0\0\0\0\0\0\0\0\0\0\0\0\0\0\0\0\0\0\0\0\20\0\0\0\0\0\0\0R\345td\4\0\0\0\360H!\0\0\0\0\0\360X!\0\0\0\0\0\360X!\0\0\0\0\0\0207\0\0\0\0\0\0\0207\0\0\0\0\0\0\1\0\0\0\0\0\0\0", 784, 64) = 784 <0.000008>
3579  [00007f02afc17bbe] pread64(3, "\4\0\0\0 \0\0\0\5\0\0\0GNU\0\2\0\0\300\4\0\0\0\3\0\0\0\0\0\0\0\2\200\0\300\4\0\0\0\1\0\0\0\0\0\0\0", 48, 848) = 48 <0.000008>
3579  [00007f02afc17bbe] pread64(3, "\4\0\0\0\24\0\0\0\3\0\0\0GNU\0i8\235HZ\227\223\333\350s\360\352,\223\340.\372\251\252=\4\0\0\0\20\0\0\0\1\0\0\0GNU\0\0\0\0\0\3\0\0\0\2\0\0\0\0\0\0\0", 68, 896) = 68 <0.000009>
3579  [00007f02afc178fe] newfstatat(3, "", {st_mode=S_IFREG|0644, st_size=2216304, ...}, AT_EMPTY_PATH) = 0 <0.000010>
3579  [00007f02afc17bbe] pread64(3, "\6\0\0\0\4\0\0\0@\0\0\0\0\0\0\0@\0\0\0\0\0\0\0@\0\0\0\0\0\0\0\20\3\0\0\0\0\0\0\20\3\0\0\0\0\0\0\10\0\0\0\0\0\0\0\3\0\0\0\4\0\0\0000>\36\0\0\0\0\0000>\36\0\0\0\0\0000>\36\0\0\0\0\0\34\0\0\0\0\0\0\0\34\0\0\0\0\0\0\0\20\0\0\0\0\0\0\0\1\0\0\0\4\0\0\0\0\0\0\0\0\0\0\0\0\0\0\0\0\0\0\0\0\0\0\0\0\0\0\0\340\177\2\0\0\0\0\0\340\177\2\0\0\0\0\0\0\20\0\0\0\0\0\0\1\0\0\0\5\0\0\0\0\200\2\0\0\0\0\0\0\200\2\0\0\0\0\0\0\200\2\0\0\0\0\0\301D\31\0\0\0\0\0\301D\31\0\0\0\0\0\0\20\0\0\0\0\0\0\1\0\0\0\4\0\0\0\0\320\33\0\0\0\0\0\0\320\33\0\0\0\0\0\0\320\33\0\0\0\0\0\314x\5\0\0\0\0\0\314x\5\0\0\0\0\0\0\20\0\0\0\0\0\0\1\0\0\0\6\0\0\0\360H!\0\0\0\0\0\360X!\0\0\0\0\0\360X!\0\0\0\0\0\230O\0\0\0\0\0\0`%\1\0\0\0\0\0\0\20\0\0\0\0\0\0\2\0\0\0\6\0\0\0\300{!\0\0\0\0\0\300\213!\0\0\0\0\0\300\213!\0\0\0\0\0\320\1\0\0\0\0\0\0\320\1\0\0\0\0\0\0\10\0\0\0\0\0\0\0\4\0\0\0\4\0\0\0P\3\0\0\0\0\0\0P\3\0\0\0\0\0\0P\3\0\0\0\0\0\0000\0\0\0\0\0\0\0000\0\0\0\0\0\0\0\10\0\0\0\0\0\0\0\4\0\0\0\4\0\0\0\200\3\0\0\0\0\0\0\200\3\0\0\0\0\0\0\200\3\0\0\0\0\0\0D\0\0\0\0\0\0\0D\0\0\0\0\0\0\0\4\0\0\0\0\0\0\0\7\0\0\0\4\0\0\0\360H!\0\0\0\0\0\360X!\0\0\0\0\0\360X!\0\0\0\0\0\20\0\0\0\0\0\0\0\220\0\0\0\0\0\0\0\10\0\0\0\0\0\0\0S\345td\4\0\0\0P\3\0\0\0\0\0\0P\3\0\0\0\0\0\0P\3\0\0\0\0\0\0000\0\0\0\0\0\0\0000\0\0\0\0\0\0\0\10\0\0\0\0\0\0\0P\345td\4\0\0\0L>\36\0\0\0\0\0L>\36\0\0\0\0\0L>\36\0\0\0\0\0\314p\0\0\0\0\0\0\314p\0\0\0\0\0\0\4\0\0\0\0\0\0\0Q\345td\6\0\0\0\0\0\0\0\0\0\0\0\0\0\0\0\0\0\0\0\0\0\0\0\0\0\0\0\0\0\0\0\0\0\0\0\0\0\0\0\0\0\0\0\20\0\0\0\0\0\0\0R\345td\4\0\0\0\360H!\0\0\0\0\0\360X!\0\0\0\0\0\360X!\0\0\0\0\0\0207\0\0\0\0\0\0\0207\0\0\0\0\0\0\1\0\0\0\0\0\0\0", 784, 64) = 784 <0.000012>
3579  [00007f02afc17cd7] mmap(NULL, 2260560, PROT_READ, MAP_PRIVATE|MAP_DENYWRITE, 3, 0) = 0x7f02af800000 <0.000017>
3579  [00007f02afc17cd7] mmap(0x7f02af828000, 1658880, PROT_READ|PROT_EXEC, MAP_PRIVATE|MAP_FIXED|MAP_DENYWRITE, 3, 0x28000) = 0x7f02af828000 <0.000026>
3579  [00007f02afc17cd7] mmap(0x7f02af9bd000, 360448, PROT_READ, MAP_PRIVATE|MAP_FIXED|MAP_DENYWRITE, 3, 0x1bd000) = 0x7f02af9bd000 <0.000016>
3579  [00007f02afc17cd7] mmap(0x7f02afa15000, 24576, PROT_READ|PROT_WRITE, MAP_PRIVATE|MAP_FIXED|MAP_DENYWRITE, 3, 0x214000) = 0x7f02afa15000 <0.000015>
3579  [00007f02afc17cd7] mmap(0x7f02afa1b000, 52816, PROT_READ|PROT_WRITE, MAP_PRIVATE|MAP_FIXED|MAP_ANONYMOUS, -1, 0) = 0x7f02afa1b000 <0.000012>
3579  [00007f02afc179fb] close(3)       = 0 <0.000007>
3579  [00007f02afc17cd7] mmap(NULL, 12288, PROT_READ|PROT_WRITE, MAP_PRIVATE|MAP_ANONYMOUS, -1, 0) = 0x7f02afbdd000 <0.000011>
3579  [00007f02afc11e1f] arch_prctl(ARCH_SET_FS, 0x7f02afbdd740) = 0 <0.000007>
3579  [00007f02afc0613e] set_tid_address(0x7f02afbdda10) = 3579 <0.000810>
3579  [00007f02afc0619a] set_robust_list(0x7f02afbdda20, 24) = 0 <0.000084>
3579  [00007f02afc061d1] rseq(0x7f02afbde0e0, 0x20, 0, 0x53053053) = 0 <0.000075>
3579  [00007f02afc17d4b] mprotect(0x7f02afa15000, 16384, PROT_READ) = 0 <0.000092>
3579  [00007f02afc17d4b] mprotect(0x55a3217ea000, 4096, PROT_READ) = 0 <0.000080>
3579  [00007f02afc17d4b] mprotect(0x7f02afc29000, 8192, PROT_READ) = 0 <0.000083>
3579  [00007f02af91a494] prlimit64(0, RLIMIT_STACK, NULL, {rlim_cur=8192*1024, rlim_max=RLIM64_INFINITY}) = 0 <0.000086>
3579  [00007f02afc17d1b] munmap(0x7f02afbe0000, 58527) = 0 <0.000175>
3579  [00007f02af913eee] newfstatat(1, "", {st_mode=S_IFCHR|0620, st_rdev=makedev(0x88, 0), ...}, AT_EMPTY_PATH) = 0 <0.000098>
3579  [00007f02af846c87] getrandom("\x65\xeb\x76\x61\x0e\x44\x1f\x34", 8, GRND_NONBLOCK) = 8 <0.000106>
3579  [00007f02af91a9db] brk(NULL)      = 0x55a322885000 <0.000070>
3579  [00007f02af91a9db] brk(0x55a3228a6000) = 0x55a3228a6000 <0.000085>
3579  [00007f02af914a37] write(1, "hello, world\n", 13) = 13 <0.000117>
3579  [00007f02af8eaca1] exit_group(0)  = ?
3579  [????????????????] +++ exited with 0 +++
2222  [00007f060c8ea45a] <... wait4 resumed>[{WIFEXITED(s) && WEXITSTATUS(s) == 0}], WSTOPPED|WCONTINUED, NULL) = 3579 <0.035522>
2222  [00007f060c89bc9b] rt_sigprocmask(SIG_BLOCK, [CHLD TSTP TTIN TTOU], [CHLD], 8) = 0 <0.000008>
2222  [00007f060c91aaff] ioctl(255, TIOCSPGRP, [2222]) = 0 <0.000009>
2222  [00007f060c89bc9b] rt_sigprocmask(SIG_SETMASK, [CHLD], NULL, 8) = 0 <0.000008>
2222  [00007f060c91a0fa] ioctl(255, TCGETS, {B38400 opost isig icanon echo ...}) = 0 <0.000008>
2222  [00007f060c91aaff] ioctl(255, TIOCGWINSZ, {ws_row=31, ws_col=106, ws_xpixel=0, ws_ypixel=0}) = 0 <0.000007>
2222  [00007f060c89bc9b] rt_sigprocmask(SIG_SETMASK, [], NULL, 8) = 0 <0.000007>
2222  [00007f060c89bc9b] --- SIGCHLD {si_signo=SIGCHLD, si_code=CLD_EXITED, si_pid=3579, si_uid=1000, si_status=0, si_utime=0, si_stime=0} ---
2222  [00007f060c8ea45a] wait4(-1, 0x7ffdb295ab90, WNOHANG|WSTOPPED|WCONTINUED, NULL) = -1 ECHILD (No child processes) <0.000005>
2222  [00007f060c842529] rt_sigreturn({mask=[]}) = 0 <0.000007>
2222  [00007f060c8425f3] rt_sigaction(SIGINT, {sa_handler=0x5595c0e5e030, sa_mask=[], sa_flags=SA_RESTORER, sa_restorer=0x7f060c842520}, {sa_handler=0x5595c0e5e030, sa_mask=[], sa_flags=SA_RESTORER, sa_restorer=0x7f060c842520}, 8) = 0 <0.000006>
2222  [00007f060c89bc9b] rt_sigprocmask(SIG_BLOCK, [CHLD TSTP TTIN TTOU], [], 8) = 0 <0.000006>
2222  [00007f060c91aaff] ioctl(255, TIOCSPGRP, [2222]) = 0 <0.000007>
2222  [00007f060c89bc9b] rt_sigprocmask(SIG_SETMASK, [], NULL, 8) = 0 <0.000006>
2222  [00007f060c8425f3] rt_sigaction(SIGINT, {sa_handler=0x5595c0e5e030, sa_mask=[], sa_flags=SA_RESTORER, sa_restorer=0x7f060c842520}, {sa_handler=0x5595c0e5e030, sa_mask=[], sa_flags=SA_RESTORER, sa_restorer=0x7f060c842520}, 8) = 0 <0.000006>
2222  [00007f060c919b14] fcntl(0, F_GETFL) = 0x80002 (flags O_RDWR|O_CLOEXEC) <0.000006>
2222  [00007f060c91aaff] ioctl(0, TIOCGWINSZ, {ws_row=31, ws_col=106, ws_xpixel=0, ws_ypixel=0}) = 0 <0.000006>
2222  [00007f060c91aaff] ioctl(0, TIOCSWINSZ, {ws_row=31, ws_col=106, ws_xpixel=0, ws_ypixel=0}) = 0 <0.000006>
2222  [00007f060c91a0fa] ioctl(0, TCGETS, {B38400 opost isig icanon echo ...}) = 0 <0.000007>
2222  [00007f060c919f11] ioctl(0, TCGETS, {B38400 opost isig icanon echo ...}) = 0 <0.000007>
2222  [00007f060c919f95] ioctl(0, SNDCTL_TMR_STOP or TCSETSW, {B38400 opost isig -icanon -echo ...}) = 0 <0.000010>
2222  [00007f060c919fbd] ioctl(0, TCGETS, {B38400 opost isig -icanon -echo ...}) = 0 <0.000007>
2222  [00007f060c914a37] write(2, "\33[?2004h", 8) = 8 <0.000024>
2222  [00007f060c89bc9b] rt_sigprocmask(SIG_BLOCK, [HUP INT QUIT ALRM TERM TSTP TTIN TTOU], [], 8) = 0 <0.000006>
2222  [00007f060c8425f3] rt_sigaction(SIGINT, {sa_handler=0x5595c0ebf9c0, sa_mask=[], sa_flags=SA_RESTORER, sa_restorer=0x7f060c842520}, {sa_handler=0x5595c0e5e030, sa_mask=[], sa_flags=SA_RESTORER, sa_restorer=0x7f060c842520}, 8) = 0 <0.000006>
2222  [00007f060c8425f3] rt_sigaction(SIGTERM, {sa_handler=0x5595c0ebf9c0, sa_mask=[], sa_flags=SA_RESTORER, sa_restorer=0x7f060c842520}, {sa_handler=SIG_IGN, sa_mask=[], sa_flags=SA_RESTORER, sa_restorer=0x7f060c842520}, 8) = 0 <0.000006>
2222  [00007f060c8425f3] rt_sigaction(SIGTERM, {sa_handler=SIG_IGN, sa_mask=[], sa_flags=SA_RESTORER, sa_restorer=0x7f060c842520}, {sa_handler=0x5595c0ebf9c0, sa_mask=[], sa_flags=SA_RESTORER, sa_restorer=0x7f060c842520}, 8) = 0 <0.000006>
2222  [00007f060c8425f3] rt_sigaction(SIGHUP, {sa_handler=0x5595c0ebf9c0, sa_mask=[], sa_flags=SA_RESTORER, sa_restorer=0x7f060c842520}, {sa_handler=0x5595c0e5e410, sa_mask=[HUP INT ILL TRAP ABRT BUS FPE USR1 SEGV USR2 PIPE ALRM TERM XCPU XFSZ VTALRM SYS], sa_flags=SA_RESTORER, sa_restorer=0x7f060c842520}, 8) = 0 <0.000006>
2222  [00007f060c8425f3] rt_sigaction(SIGQUIT, {sa_handler=0x5595c0ebf9c0, sa_mask=[], sa_flags=SA_RESTORER, sa_restorer=0x7f060c842520}, {sa_handler=SIG_IGN, sa_mask=[], sa_flags=SA_RESTORER, sa_restorer=0x7f060c842520}, 8) = 0 <0.000006>
2222  [00007f060c8425f3] rt_sigaction(SIGQUIT, {sa_handler=SIG_IGN, sa_mask=[], sa_flags=SA_RESTORER, sa_restorer=0x7f060c842520}, {sa_handler=0x5595c0ebf9c0, sa_mask=[], sa_flags=SA_RESTORER, sa_restorer=0x7f060c842520}, 8) = 0 <0.000006>
2222  [00007f060c8425f3] rt_sigaction(SIGALRM, {sa_handler=0x5595c0ebf9c0, sa_mask=[], sa_flags=SA_RESTORER, sa_restorer=0x7f060c842520}, {sa_handler=0x5595c0e5e410, sa_mask=[HUP INT ILL TRAP ABRT BUS FPE USR1 SEGV USR2 PIPE ALRM TERM XCPU XFSZ VTALRM SYS], sa_flags=SA_RESTORER, sa_restorer=0x7f060c842520}, 8) = 0 <0.000006>
2222  [00007f060c8425f3] rt_sigaction(SIGTSTP, {sa_handler=0x5595c0ebf9c0, sa_mask=[], sa_flags=SA_RESTORER, sa_restorer=0x7f060c842520}, {sa_handler=SIG_IGN, sa_mask=[], sa_flags=SA_RESTORER, sa_restorer=0x7f060c842520}, 8) = 0 <0.000006>
2222  [00007f060c8425f3] rt_sigaction(SIGTSTP, {sa_handler=SIG_IGN, sa_mask=[], sa_flags=SA_RESTORER, sa_restorer=0x7f060c842520}, {sa_handler=0x5595c0ebf9c0, sa_mask=[], sa_flags=SA_RESTORER, sa_restorer=0x7f060c842520}, 8) = 0 <0.000006>
2222  [00007f060c8425f3] rt_sigaction(SIGTTOU, {sa_handler=0x5595c0ebf9c0, sa_mask=[], sa_flags=SA_RESTORER, sa_restorer=0x7f060c842520}, {sa_handler=SIG_IGN, sa_mask=[], sa_flags=SA_RESTORER, sa_restorer=0x7f060c842520}, 8) = 0 <0.000006>
2222  [00007f060c8425f3] rt_sigaction(SIGTTOU, {sa_handler=SIG_IGN, sa_mask=[], sa_flags=SA_RESTORER, sa_restorer=0x7f060c842520}, {sa_handler=0x5595c0ebf9c0, sa_mask=[], sa_flags=SA_RESTORER, sa_restorer=0x7f060c842520}, 8) = 0 <0.000006>
2222  [00007f060c8425f3] rt_sigaction(SIGTTIN, {sa_handler=0x5595c0ebf9c0, sa_mask=[], sa_flags=SA_RESTORER, sa_restorer=0x7f060c842520}, {sa_handler=SIG_IGN, sa_mask=[], sa_flags=SA_RESTORER, sa_restorer=0x7f060c842520}, 8) = 0 <0.000006>
2222  [00007f060c8425f3] rt_sigaction(SIGTTIN, {sa_handler=SIG_IGN, sa_mask=[], sa_flags=SA_RESTORER, sa_restorer=0x7f060c842520}, {sa_handler=0x5595c0ebf9c0, sa_mask=[], sa_flags=SA_RESTORER, sa_restorer=0x7f060c842520}, 8) = 0 <0.000006>
2222  [00007f060c89bc9b] rt_sigprocmask(SIG_SETMASK, [], NULL, 8) = 0 <0.000006>
2222  [00007f060c8425f3] rt_sigaction(SIGWINCH, {sa_handler=0x5595c0ebf9d0, sa_mask=[], sa_flags=SA_RESTORER|SA_RESTART, sa_restorer=0x7f060c842520}, {sa_handler=0x5595c0e5c1e0, sa_mask=[], sa_flags=SA_RESTORER|SA_RESTART, sa_restorer=0x7f060c842520}, 8) = 0 <0.000006>
2222  [00007f060c914a37] write(2, "\33]0;qqq@qqq-virtual-machine: /mnt/hgfs/demo-c/demo-in-linux/program\7\33[01;32mqqq@qqq-virtual-machine\33[00m:\33[01;34m/mnt/hgfs/demo-c/demo-in-linux/program\33[00m$ ", 158) = 158 <0.000022>
2222  [00007f060c91b8f4] pselect6(1, [0], NULL, NULL, NULL, {sigmask=[], sigsetsize=8} <detached ...>
